INFO Endpoint: /, Method: GET, Response Status: 404, Duration: 2.02s
WARNING Not Found: /
INFO Endpoint: /api/user/login/, Method: POST, Response Status: 401, Duration: 0.36s
WARNING Unauthorized: /api/user/login/
INFO Endpoint: /api/user/login/, Method: POST, Response Status: 200, Duration: 0.47s
INFO Endpoint: /api/user/detail/5/, Method: GET, Response Status: 200, Duration: 2.61s
INFO Endpoint: /api/user/detail/5/, Method: GET, Response Status: 200, Duration: 0.03s
INFO Endpoint: /api/user/pass-key-activate/, Method: POST, Response Status: 200, Duration: 0.10s
INFO Endpoint: /api/user/detail/5/, Method: GET, Response Status: 200, Duration: 0.03s
/usr/local/lsws/fcgi-bin/lswsgi_wrapper: fork: retry: No child processes
/usr/local/lsws/fcgi-bin/lswsgi_wrapper: fork: retry: No child processes
/usr/local/lsws/fcgi-bin/lswsgi_wrapper: fork: retry: No child processes
/usr/local/lsws/fcgi-bin/lswsgi_wrapper: fork: retry: No child processes
/usr/local/lsws/fcgi-bin/lswsgi_wrapper: fork: Resource temporarily unavailable
/usr/local/lsws/fcgi-bin/lswsgi_wrapper: fork: retry: No child processes
/usr/local/lsws/fcgi-bin/lswsgi_wrapper: fork: retry: No child processes
/usr/local/lsws/fcgi-bin/lswsgi_wrapper: fork: retry: No child processes
/usr/local/lsws/fcgi-bin/lswsgi_wrapper: fork: retry: No child processes
/usr/local/lsws/fcgi-bin/lswsgi_wrapper: fork: Resource temporarily unavailable
/usr/local/lsws/fcgi-bin/lswsgi_wrapper: fork: retry: No child processes
/usr/local/lsws/fcgi-bin/lswsgi_wrapper: fork: retry: No child processes
/usr/local/lsws/fcgi-bin/lswsgi_wrapper: fork: retry: No child processes
/usr/local/lsws/fcgi-bin/lswsgi_wrapper: fork: retry: No child processes
/usr/local/lsws/fcgi-bin/lswsgi_wrapper: fork: Resource temporarily unavailable
/usr/local/lsws/fcgi-bin/lswsgi_wrapper: fork: retry: No child processes
/usr/local/lsws/fcgi-bin/lswsgi_wrapper: fork: retry: No child processes
/usr/local/lsws/fcgi-bin/lswsgi_wrapper: fork: retry: No child processes
/usr/local/lsws/fcgi-bin/lswsgi_wrapper: fork: retry: No child processes
/usr/local/lsws/fcgi-bin/lswsgi_wrapper: fork: Resource temporarily unavailable
/usr/local/lsws/fcgi-bin/lswsgi_wrapper: fork: retry: No child processes
/usr/local/lsws/fcgi-bin/lswsgi_wrapper: fork: retry: No child processes
/usr/local/lsws/fcgi-bin/lswsgi_wrapper: fork: retry: No child processes
/usr/local/lsws/fcgi-bin/lswsgi_wrapper: fork: retry: No child processes
/usr/local/lsws/fcgi-bin/lswsgi_wrapper: fork: Resource temporarily unavailable
/usr/local/lsws/fcgi-bin/lswsgi_wrapper: fork: retry: No child processes
/usr/local/lsws/fcgi-bin/lswsgi_wrapper: fork: retry: No child processes
/usr/local/lsws/fcgi-bin/lswsgi_wrapper: fork: retry: No child processes
/usr/local/lsws/fcgi-bin/lswsgi_wrapper: fork: retry: No child processes
/usr/local/lsws/fcgi-bin/lswsgi_wrapper: fork: Resource temporarily unavailable
/usr/local/lsws/fcgi-bin/lswsgi_wrapper: fork: retry: No child processes
/usr/local/lsws/fcgi-bin/lswsgi_wrapper: fork: retry: No child processes
/usr/local/lsws/fcgi-bin/lswsgi_wrapper: fork: retry: No child processes
/usr/local/lsws/fcgi-bin/lswsgi_wrapper: fork: retry: No child processes
/usr/local/lsws/fcgi-bin/lswsgi_wrapper: fork: Resource temporarily unavailable
/usr/local/lsws/fcgi-bin/lswsgi_wrapper: fork: retry: No child processes
/usr/local/lsws/fcgi-bin/lswsgi_wrapper: fork: retry: No child processes
/usr/local/lsws/fcgi-bin/lswsgi_wrapper: fork: retry: No child processes
/usr/local/lsws/fcgi-bin/lswsgi_wrapper: fork: retry: No child processes
/usr/local/lsws/fcgi-bin/lswsgi_wrapper: fork: Resource temporarily unavailable
/usr/local/lsws/fcgi-bin/lswsgi_wrapper: fork: retry: No child processes
/usr/local/lsws/fcgi-bin/lswsgi_wrapper: fork: retry: No child processes
/usr/local/lsws/fcgi-bin/lswsgi_wrapper: fork: retry: No child processes
/usr/local/lsws/fcgi-bin/lswsgi_wrapper: fork: retry: No child processes
/usr/local/lsws/fcgi-bin/lswsgi_wrapper: fork: Resource temporarily unavailable
/usr/local/lsws/fcgi-bin/lswsgi_wrapper: fork: retry: No child processes
/usr/local/lsws/fcgi-bin/lswsgi_wrapper: fork: retry: No child processes
/usr/local/lsws/fcgi-bin/lswsgi_wrapper: fork: retry: No child processes
/usr/local/lsws/fcgi-bin/lswsgi_wrapper: fork: retry: No child processes
/usr/local/lsws/fcgi-bin/lswsgi_wrapper: fork: Resource temporarily unavailable
/usr/local/lsws/fcgi-bin/lswsgi_wrapper: fork: retry: No child processes
/usr/local/lsws/fcgi-bin/lswsgi_wrapper: fork: retry: No child processes
/usr/local/lsws/fcgi-bin/lswsgi_wrapper: fork: retry: No child processes
/usr/local/lsws/fcgi-bin/lswsgi_wrapper: fork: retry: No child processes
/usr/local/lsws/fcgi-bin/lswsgi_wrapper: fork: Resource temporarily unavailable
/usr/local/lsws/fcgi-bin/lswsgi_wrapper: fork: retry: No child processes
/usr/local/lsws/fcgi-bin/lswsgi_wrapper: fork: retry: No child processes
/usr/local/lsws/fcgi-bin/lswsgi_wrapper: fork: retry: No child processes
/usr/local/lsws/fcgi-bin/lswsgi_wrapper: fork: retry: No child processes
/usr/local/lsws/fcgi-bin/lswsgi_wrapper: fork: Resource temporarily unavailable
/usr/local/lsws/fcgi-bin/lswsgi_wrapper: fork: retry: No child processes
/usr/local/lsws/fcgi-bin/lswsgi_wrapper: fork: retry: No child processes
/usr/local/lsws/fcgi-bin/lswsgi_wrapper: fork: retry: No child processes
/usr/local/lsws/fcgi-bin/lswsgi_wrapper: fork: retry: No child processes
/usr/local/lsws/fcgi-bin/lswsgi_wrapper: fork: Resource temporarily unavailable
/usr/local/lsws/fcgi-bin/lswsgi_wrapper: fork: retry: No child processes
/usr/local/lsws/fcgi-bin/lswsgi_wrapper: fork: retry: No child processes
/usr/local/lsws/fcgi-bin/lswsgi_wrapper: fork: retry: No child processes
/usr/local/lsws/fcgi-bin/lswsgi_wrapper: fork: retry: No child processes
/usr/local/lsws/fcgi-bin/lswsgi_wrapper: fork: Resource temporarily unavailable
/usr/local/lsws/fcgi-bin/lswsgi_wrapper: fork: retry: No child processes
/usr/local/lsws/fcgi-bin/lswsgi_wrapper: fork: retry: No child processes
/usr/local/lsws/fcgi-bin/lswsgi_wrapper: fork: retry: No child processes
/usr/local/lsws/fcgi-bin/lswsgi_wrapper: fork: retry: No child processes
/usr/local/lsws/fcgi-bin/lswsgi_wrapper: fork: Resource temporarily unavailable
/usr/local/lsws/fcgi-bin/lswsgi_wrapper: fork: retry: No child processes
/usr/local/lsws/fcgi-bin/lswsgi_wrapper: fork: retry: No child processes
/usr/local/lsws/fcgi-bin/lswsgi_wrapper: fork: retry: No child processes
/usr/local/lsws/fcgi-bin/lswsgi_wrapper: fork: retry: No child processes
/usr/local/lsws/fcgi-bin/lswsgi_wrapper: fork: Resource temporarily unavailable
/usr/local/lsws/fcgi-bin/lswsgi_wrapper: fork: retry: No child processes
/usr/local/lsws/fcgi-bin/lswsgi_wrapper: fork: retry: No child processes
/usr/local/lsws/fcgi-bin/lswsgi_wrapper: fork: retry: No child processes
/usr/local/lsws/fcgi-bin/lswsgi_wrapper: fork: retry: No child processes
/usr/local/lsws/fcgi-bin/lswsgi_wrapper: fork: Resource temporarily unavailable
/usr/local/lsws/fcgi-bin/lswsgi_wrapper: fork: retry: No child processes
/usr/local/lsws/fcgi-bin/lswsgi_wrapper: fork: retry: No child processes
/usr/local/lsws/fcgi-bin/lswsgi_wrapper: fork: retry: No child processes
/usr/local/lsws/fcgi-bin/lswsgi_wrapper: fork: retry: No child processes
/usr/local/lsws/fcgi-bin/lswsgi_wrapper: fork: Resource temporarily unavailable
/usr/local/lsws/fcgi-bin/lswsgi_wrapper: fork: retry: No child processes
/usr/local/lsws/fcgi-bin/lswsgi_wrapper: fork: retry: No child processes
/usr/local/lsws/fcgi-bin/lswsgi_wrapper: fork: retry: No child processes
/usr/local/lsws/fcgi-bin/lswsgi_wrapper: fork: retry: No child processes
/usr/local/lsws/fcgi-bin/lswsgi_wrapper: fork: Resource temporarily unavailable
/usr/local/lsws/fcgi-bin/lswsgi_wrapper: fork: retry: No child processes
/usr/local/lsws/fcgi-bin/lswsgi_wrapper: fork: retry: No child processes
/usr/local/lsws/fcgi-bin/lswsgi_wrapper: fork: retry: No child processes
/usr/local/lsws/fcgi-bin/lswsgi_wrapper: fork: retry: No child processes
/usr/local/lsws/fcgi-bin/lswsgi_wrapper: fork: Resource temporarily unavailable
/usr/local/lsws/fcgi-bin/lswsgi_wrapper: fork: retry: No child processes
/usr/local/lsws/fcgi-bin/lswsgi_wrapper: fork: retry: No child processes
/usr/local/lsws/fcgi-bin/lswsgi_wrapper: fork: retry: No child processes
/usr/local/lsws/fcgi-bin/lswsgi_wrapper: fork: retry: No child processes
/usr/local/lsws/fcgi-bin/lswsgi_wrapper: fork: Resource temporarily unavailable
/usr/local/lsws/fcgi-bin/lswsgi_wrapper: fork: retry: No child processes
/usr/local/lsws/fcgi-bin/lswsgi_wrapper: fork: retry: No child processes
/usr/local/lsws/fcgi-bin/lswsgi_wrapper: fork: retry: No child processes
/usr/local/lsws/fcgi-bin/lswsgi_wrapper: fork: retry: No child processes
/usr/local/lsws/fcgi-bin/lswsgi_wrapper: fork: Resource temporarily unavailable
/usr/local/lsws/fcgi-bin/lswsgi_wrapper: fork: retry: No child processes
/usr/local/lsws/fcgi-bin/lswsgi_wrapper: fork: retry: No child processes
/usr/local/lsws/fcgi-bin/lswsgi_wrapper: fork: retry: No child processes
/usr/local/lsws/fcgi-bin/lswsgi_wrapper: fork: retry: No child processes
/usr/local/lsws/fcgi-bin/lswsgi_wrapper: fork: Resource temporarily unavailable
/usr/local/lsws/fcgi-bin/lswsgi_wrapper: fork: retry: No child processes
/usr/local/lsws/fcgi-bin/lswsgi_wrapper: fork: retry: No child processes
/usr/local/lsws/fcgi-bin/lswsgi_wrapper: fork: retry: No child processes
/usr/local/lsws/fcgi-bin/lswsgi_wrapper: fork: retry: No child processes
/usr/local/lsws/fcgi-bin/lswsgi_wrapper: fork: Resource temporarily unavailable
/usr/local/lsws/fcgi-bin/lswsgi_wrapper: fork: retry: No child processes
/usr/local/lsws/fcgi-bin/lswsgi_wrapper: fork: retry: No child processes
/usr/local/lsws/fcgi-bin/lswsgi_wrapper: fork: retry: No child processes
/usr/local/lsws/fcgi-bin/lswsgi_wrapper: fork: retry: No child processes
/usr/local/lsws/fcgi-bin/lswsgi_wrapper: fork: Resource temporarily unavailable
/usr/local/lsws/fcgi-bin/lswsgi_wrapper: fork: retry: No child processes
/usr/local/lsws/fcgi-bin/lswsgi_wrapper: fork: retry: No child processes
/usr/local/lsws/fcgi-bin/lswsgi_wrapper: fork: retry: No child processes
/usr/local/lsws/fcgi-bin/lswsgi_wrapper: fork: retry: No child processes
/usr/local/lsws/fcgi-bin/lswsgi_wrapper: fork: Resource temporarily unavailable
/usr/local/lsws/fcgi-bin/lswsgi_wrapper: fork: retry: No child processes
/usr/local/lsws/fcgi-bin/lswsgi_wrapper: fork: retry: No child processes
/usr/local/lsws/fcgi-bin/lswsgi_wrapper: fork: retry: No child processes
/usr/local/lsws/fcgi-bin/lswsgi_wrapper: fork: retry: No child processes
/usr/local/lsws/fcgi-bin/lswsgi_wrapper: fork: Resource temporarily unavailable
/usr/local/lsws/fcgi-bin/lswsgi_wrapper: fork: retry: No child processes
/usr/local/lsws/fcgi-bin/lswsgi_wrapper: fork: retry: No child processes
/usr/local/lsws/fcgi-bin/lswsgi_wrapper: fork: retry: No child processes
/usr/local/lsws/fcgi-bin/lswsgi_wrapper: fork: retry: No child processes
/usr/local/lsws/fcgi-bin/lswsgi_wrapper: fork: Resource temporarily unavailable
/usr/local/lsws/fcgi-bin/lswsgi_wrapper: fork: retry: No child processes
/usr/local/lsws/fcgi-bin/lswsgi_wrapper: fork: retry: No child processes
/usr/local/lsws/fcgi-bin/lswsgi_wrapper: fork: retry: No child processes
/usr/local/lsws/fcgi-bin/lswsgi_wrapper: fork: retry: No child processes
/usr/local/lsws/fcgi-bin/lswsgi_wrapper: fork: retry: No child processes
/usr/local/lsws/fcgi-bin/lswsgi_wrapper: fork: retry: No child processes
/usr/local/lsws/fcgi-bin/lswsgi_wrapper: fork: retry: No child processes
/usr/local/lsws/fcgi-bin/lswsgi_wrapper: fork: retry: No child processes
/usr/local/lsws/fcgi-bin/lswsgi_wrapper: fork: Resource temporarily unavailable
/usr/local/lsws/fcgi-bin/lswsgi_wrapper: fork: Resource temporarily unavailable
/usr/local/lsws/fcgi-bin/lswsgi_wrapper: fork: retry: No child processes
/usr/local/lsws/fcgi-bin/lswsgi_wrapper: fork: retry: No child processes
/usr/local/lsws/fcgi-bin/lswsgi_wrapper: fork: retry: No child processes
/usr/local/lsws/fcgi-bin/lswsgi_wrapper: fork: retry: No child processes
/usr/local/lsws/fcgi-bin/lswsgi_wrapper: fork: Resource temporarily unavailable
/usr/local/lsws/fcgi-bin/lswsgi_wrapper: fork: retry: No child processes
/usr/local/lsws/fcgi-bin/lswsgi_wrapper: fork: retry: No child processes
/usr/local/lsws/fcgi-bin/lswsgi_wrapper: fork: retry: No child processes
/usr/local/lsws/fcgi-bin/lswsgi_wrapper: fork: retry: No child processes
/usr/local/lsws/fcgi-bin/lswsgi_wrapper: fork: Resource temporarily unavailable
/usr/local/lsws/fcgi-bin/lswsgi_wrapper: fork: retry: No child processes
/usr/local/lsws/fcgi-bin/lswsgi_wrapper: fork: retry: No child processes
/usr/local/lsws/fcgi-bin/lswsgi_wrapper: fork: retry: No child processes
/usr/local/lsws/fcgi-bin/lswsgi_wrapper: fork: retry: No child processes
/usr/local/lsws/fcgi-bin/lswsgi_wrapper: fork: retry: No child processes
/usr/local/lsws/fcgi-bin/lswsgi_wrapper: fork: retry: No child processes
/usr/local/lsws/fcgi-bin/lswsgi_wrapper: fork: retry: No child processes
/usr/local/lsws/fcgi-bin/lswsgi_wrapper: fork: retry: No child processes
/usr/local/lsws/fcgi-bin/lswsgi_wrapper: fork: Resource temporarily unavailable
/usr/local/lsws/fcgi-bin/lswsgi_wrapper: fork: Resource temporarily unavailable
/usr/local/lsws/fcgi-bin/lswsgi_wrapper: fork: retry: No child processes
/usr/local/lsws/fcgi-bin/lswsgi_wrapper: fork: retry: No child processes
/usr/local/lsws/fcgi-bin/lswsgi_wrapper: fork: retry: No child processes
/usr/local/lsws/fcgi-bin/lswsgi_wrapper: fork: retry: No child processes
/usr/local/lsws/fcgi-bin/lswsgi_wrapper: fork: Resource temporarily unavailable
/usr/local/lsws/fcgi-bin/lswsgi_wrapper: fork: retry: No child processes
/usr/local/lsws/fcgi-bin/lswsgi_wrapper: fork: retry: No child processes
/usr/local/lsws/fcgi-bin/lswsgi_wrapper: fork: retry: No child processes
/usr/local/lsws/fcgi-bin/lswsgi_wrapper: fork: retry: No child processes
/usr/local/lsws/fcgi-bin/lswsgi_wrapper: fork: Resource temporarily unavailable
/usr/local/lsws/fcgi-bin/lswsgi_wrapper: fork: retry: No child processes
/usr/local/lsws/fcgi-bin/lswsgi_wrapper: fork: retry: No child processes
/usr/local/lsws/fcgi-bin/lswsgi_wrapper: fork: retry: No child processes
/usr/local/lsws/fcgi-bin/lswsgi_wrapper: fork: retry: No child processes
/usr/local/lsws/fcgi-bin/lswsgi_wrapper: fork: Resource temporarily unavailable
/usr/local/lsws/fcgi-bin/lswsgi_wrapper: fork: retry: No child processes
/usr/local/lsws/fcgi-bin/lswsgi_wrapper: fork: retry: No child processes
/usr/local/lsws/fcgi-bin/lswsgi_wrapper: fork: retry: No child processes
/usr/local/lsws/fcgi-bin/lswsgi_wrapper: fork: retry: No child processes
/usr/local/lsws/fcgi-bin/lswsgi_wrapper: fork: retry: No child processes
/usr/local/lsws/fcgi-bin/lswsgi_wrapper: fork: retry: No child processes
/usr/local/lsws/fcgi-bin/lswsgi_wrapper: fork: retry: No child processes
/usr/local/lsws/fcgi-bin/lswsgi_wrapper: fork: Resource temporarily unavailable
/usr/local/lsws/fcgi-bin/lswsgi_wrapper: fork: retry: No child processes
/usr/local/lsws/fcgi-bin/lswsgi_wrapper: fork: Resource temporarily unavailable
/usr/local/lsws/fcgi-bin/lswsgi_wrapper: fork: retry: No child processes
/usr/local/lsws/fcgi-bin/lswsgi_wrapper: fork: retry: No child processes
/usr/local/lsws/fcgi-bin/lswsgi_wrapper: fork: retry: No child processes
/usr/local/lsws/fcgi-bin/lswsgi_wrapper: fork: retry: No child processes
/usr/local/lsws/fcgi-bin/lswsgi_wrapper: fork: Resource temporarily unavailable
/usr/local/lsws/fcgi-bin/lswsgi_wrapper: fork: retry: No child processes
/usr/local/lsws/fcgi-bin/lswsgi_wrapper: fork: retry: No child processes
/usr/local/lsws/fcgi-bin/lswsgi_wrapper: fork: retry: No child processes
/usr/local/lsws/fcgi-bin/lswsgi_wrapper: fork: retry: No child processes
/usr/local/lsws/fcgi-bin/lswsgi_wrapper: fork: Resource temporarily unavailable
/usr/local/lsws/fcgi-bin/lswsgi_wrapper: fork: retry: No child processes
/usr/local/lsws/fcgi-bin/lswsgi_wrapper: fork: retry: No child processes
/usr/local/lsws/fcgi-bin/lswsgi_wrapper: fork: retry: No child processes
/usr/local/lsws/fcgi-bin/lswsgi_wrapper: fork: retry: No child processes
/usr/local/lsws/fcgi-bin/lswsgi_wrapper: fork: Resource temporarily unavailable
/usr/local/lsws/fcgi-bin/lswsgi_wrapper: fork: retry: No child processes
/usr/local/lsws/fcgi-bin/lswsgi_wrapper: fork: retry: No child processes
/usr/local/lsws/fcgi-bin/lswsgi_wrapper: fork: retry: No child processes
/usr/local/lsws/fcgi-bin/lswsgi_wrapper: fork: retry: No child processes
/usr/local/lsws/fcgi-bin/lswsgi_wrapper: fork: Resource temporarily unavailable
/usr/local/lsws/fcgi-bin/lswsgi_wrapper: fork: retry: No child processes
/usr/local/lsws/fcgi-bin/lswsgi_wrapper: fork: retry: No child processes
/usr/local/lsws/fcgi-bin/lswsgi_wrapper: fork: retry: No child processes
/usr/local/lsws/fcgi-bin/lswsgi_wrapper: fork: retry: No child processes
/usr/local/lsws/fcgi-bin/lswsgi_wrapper: fork: Resource temporarily unavailable
/usr/local/lsws/fcgi-bin/lswsgi_wrapper: fork: retry: No child processes
/usr/local/lsws/fcgi-bin/lswsgi_wrapper: fork: retry: No child processes
/usr/local/lsws/fcgi-bin/lswsgi_wrapper: fork: retry: No child processes
/usr/local/lsws/fcgi-bin/lswsgi_wrapper: fork: retry: No child processes
/usr/local/lsws/fcgi-bin/lswsgi_wrapper: fork: Resource temporarily unavailable
/usr/local/lsws/fcgi-bin/lswsgi_wrapper: fork: retry: No child processes
/usr/local/lsws/fcgi-bin/lswsgi_wrapper: fork: retry: No child processes
/usr/local/lsws/fcgi-bin/lswsgi_wrapper: fork: retry: No child processes
/usr/local/lsws/fcgi-bin/lswsgi_wrapper: fork: retry: No child processes
/usr/local/lsws/fcgi-bin/lswsgi_wrapper: fork: Resource temporarily unavailable
