INFO 2024-10-29 16:01:20,378 middlewares Endpoint: /, Method: GET, Response Status: 404, Duration: 2.02s
WARNING 2024-10-29 16:01:20,378 log Not Found: /
INFO 2024-10-29 16:05:07,629 middlewares Endpoint: /api/user/login/, Method: POST, Response Status: 401, Duration: 0.36s
WARNING 2024-10-29 16:05:07,629 log Unauthorized: /api/user/login/
INFO 2024-10-29 16:05:38,778 middlewares Endpoint: /api/user/login/, Method: POST, Response Status: 200, Duration: 0.47s
INFO 2024-10-29 16:06:05,037 middlewares Endpoint: /api/user/detail/5/, Method: GET, Response Status: 200, Duration: 2.61s
INFO 2024-10-29 16:06:06,374 middlewares Endpoint: /api/user/detail/5/, Method: GET, Response Status: 200, Duration: 0.03s
INFO 2024-10-29 16:07:14,550 middlewares Endpoint: /api/user/pass-key-activate/, Method: POST, Response Status: 200, Duration: 0.10s
INFO 2024-10-29 16:07:16,221 middlewares Endpoint: /api/user/detail/5/, Method: GET, Response Status: 200, Duration: 0.03s
INFO 2024-11-05 05:47:15,138 autoreload Watching for file changes with StatReloader
INFO 2024-11-05 06:16:53,043 autoreload Watching for file changes with StatReloader
INFO 2024-11-05 06:22:17,121 autoreload Watching for file changes with StatReloader
INFO 2024-11-05 06:52:04,330 autoreload Watching for file changes with StatReloader
INFO 2024-11-06 02:38:21,895 autoreload Watching for file changes with StatReloader
INFO 2024-11-06 02:46:55,203 autoreload Watching for file changes with StatReloader
INFO 2024-11-06 02:47:53,388 autoreload Watching for file changes with StatReloader
INFO 2024-11-06 02:48:13,285 autoreload C:\Users\Metatask\Documents\backend\metatask\settings.py changed, reloading.
INFO 2024-11-06 02:48:15,025 autoreload Watching for file changes with StatReloader
INFO 2024-11-07 12:18:53,412 autoreload Watching for file changes with StatReloader
INFO 2024-11-07 12:19:06,631 autoreload C:\Users\Metatask\Documents\backend\tasks\api\views.py changed, reloading.
INFO 2024-11-07 12:19:08,021 autoreload Watching for file changes with StatReloader
INFO 2024-11-07 12:19:18,479 middlewares Endpoint: /, Method: GET, Response Status: 404, Duration: 0.34s
WARNING 2024-11-07 12:19:18,479 log Not Found: /
WARNING 2024-11-07 12:19:18,479 basehttp "GET / HTTP/1.1" 404 2291
INFO 2024-11-07 12:19:18,579 middlewares Endpoint: /favicon.ico, Method: GET, Response Status: 404, Duration: 0.00s
WARNING 2024-11-07 12:19:18,579 log Not Found: /favicon.ico
WARNING 2024-11-07 12:19:18,579 basehttp "GET /favicon.ico HTTP/1.1" 404 2342
INFO 2024-11-07 12:19:32,692 middlewares Endpoint: /api/tasks/task-create, Method: GET, Response Status: 404, Duration: 0.01s
WARNING 2024-11-07 12:19:32,692 log Not Found: /api/tasks/task-create
WARNING 2024-11-07 12:19:32,692 basehttp "GET /api/tasks/task-create HTTP/1.1" 404 3721
INFO 2024-11-07 12:19:40,075 basehttp "GET /api/tasks/task-list HTTP/1.1" 301 0
ERROR 2024-11-07 12:19:40,218 log Internal Server Error: /api/tasks/task-list/
Traceback (most recent call last):
  File "C:\Users\Metatask\.pyenv\pyenv-win\versions\3.9.13\lib\site-packages\django\core\handlers\exception.py", line 47, in inner
    response = get_response(request)
  File "C:\Users\Metatask\.pyenv\pyenv-win\versions\3.9.13\lib\site-packages\django\core\handlers\base.py", line 181, in _get_response
    response = wrapped_callback(request, *callback_args, **callback_kwargs)
  File "C:\Users\Metatask\.pyenv\pyenv-win\versions\3.9.13\lib\site-packages\django\views\decorators\csrf.py", line 54, in wrapped_view
    return view_func(*args, **kwargs)
  File "C:\Users\Metatask\.pyenv\pyenv-win\versions\3.9.13\lib\site-packages\django\views\generic\base.py", line 70, in view
    return self.dispatch(request, *args, **kwargs)
  File "C:\Users\Metatask\.pyenv\pyenv-win\versions\3.9.13\lib\site-packages\rest_framework\views.py", line 509, in dispatch
    response = self.handle_exception(exc)
  File "C:\Users\Metatask\.pyenv\pyenv-win\versions\3.9.13\lib\site-packages\rest_framework\views.py", line 469, in handle_exception
    self.raise_uncaught_exception(exc)
  File "C:\Users\Metatask\.pyenv\pyenv-win\versions\3.9.13\lib\site-packages\rest_framework\views.py", line 480, in raise_uncaught_exception
    raise exc
  File "C:\Users\Metatask\.pyenv\pyenv-win\versions\3.9.13\lib\site-packages\rest_framework\views.py", line 506, in dispatch
    response = handler(request, *args, **kwargs)
  File "C:\Users\Metatask\.pyenv\pyenv-win\versions\3.9.13\lib\site-packages\rest_framework\generics.py", line 199, in get
    return self.list(request, *args, **kwargs)
  File "C:\Users\Metatask\.pyenv\pyenv-win\versions\3.9.13\lib\site-packages\rest_framework\mixins.py", line 38, in list
    queryset = self.filter_queryset(self.get_queryset())
  File "C:\Users\Metatask\Documents\backend\tasks\api\views.py", line 18, in get_queryset
    result_counter = user.active_package.daily_earning - user.video_watched_count
AttributeError: 'AnonymousUser' object has no attribute 'active_package'
INFO 2024-11-07 12:19:40,218 middlewares Endpoint: /api/tasks/task-list/, Method: GET, Response Status: 500, Duration: 0.14s
ERROR 2024-11-07 12:19:40,218 basehttp "GET /api/tasks/task-list/ HTTP/1.1" 500 104680
INFO 2024-11-07 12:19:53,021 autoreload C:\Users\Metatask\Documents\backend\tasks\api\views.py changed, reloading.
INFO 2024-11-07 12:19:55,460 autoreload Watching for file changes with StatReloader
INFO 2024-11-07 12:20:16,572 autoreload C:\Users\Metatask\Documents\backend\packages\api\views.py changed, reloading.
INFO 2024-11-07 12:20:17,899 autoreload Watching for file changes with StatReloader
INFO 2024-11-07 12:20:34,853 basehttp "GET /api/investments/investment-create HTTP/1.1" 301 0
INFO 2024-11-07 12:20:35,103 middlewares Endpoint: /api/investments/investment-create/, Method: GET, Response Status: 401, Duration: 0.22s
WARNING 2024-11-07 12:20:35,103 log Unauthorized: /api/investments/investment-create/
WARNING 2024-11-07 12:20:35,103 basehttp "GET /api/investments/investment-create/ HTTP/1.1" 401 3854
INFO 2024-11-07 12:20:36,524 basehttp "GET /static/rest_framework/css/prettify.css HTTP/1.1" 200 817
INFO 2024-11-07 12:20:36,531 basehttp "GET /static/rest_framework/css/bootstrap-tweaks.css HTTP/1.1" 200 3385
INFO 2024-11-07 12:20:36,539 basehttp "GET /static/rest_framework/css/bootstrap.min.css HTTP/1.1" 200 121457
INFO 2024-11-07 12:20:36,583 basehttp "GET /static/rest_framework/js/csrf.js HTTP/1.1" 200 1719
INFO 2024-11-07 12:20:36,657 basehttp "GET /static/rest_framework/js/default.js HTTP/1.1" 200 1268
INFO 2024-11-07 12:20:36,665 basehttp "GET /static/rest_framework/js/bootstrap.min.js HTTP/1.1" 200 39680
INFO 2024-11-07 12:20:36,713 basehttp "GET /static/rest_framework/js/prettify-min.js HTTP/1.1" 200 13632
INFO 2024-11-07 12:20:36,761 basehttp "GET /static/rest_framework/css/default.css HTTP/1.1" 200 1152
INFO 2024-11-07 12:20:36,785 basehttp "GET /static/rest_framework/img/grid.png HTTP/1.1" 200 1458
INFO 2024-11-07 12:20:36,831 basehttp "GET /static/rest_framework/js/ajax-form.js HTTP/1.1" 200 3597
INFO 2024-11-07 12:20:36,897 basehttp "GET /static/rest_framework/js/jquery-3.5.1.min.js HTTP/1.1" 200 89476
INFO 2024-11-07 12:20:55,049 middlewares Endpoint: /api/ipackages/package-create/, Method: GET, Response Status: 404, Duration: 0.01s
WARNING 2024-11-07 12:20:55,049 log Not Found: /api/ipackages/package-create/
WARNING 2024-11-07 12:20:55,049 basehttp "GET /api/ipackages/package-create/ HTTP/1.1" 404 3409
INFO 2024-11-07 12:21:13,159 middlewares Endpoint: /api/packages/package-create/, Method: GET, Response Status: 405, Duration: 0.10s
WARNING 2024-11-07 12:21:13,160 log Method Not Allowed: /api/packages/package-create/
WARNING 2024-11-07 12:21:13,160 basehttp "GET /api/packages/package-create/ HTTP/1.1" 405 8740
INFO 2024-11-07 12:21:28,019 middlewares Endpoint: /api/packages/package-create/, Method: POST, Response Status: 500, Duration: 0.21s
ERROR 2024-11-07 12:21:28,019 log Internal Server Error: /api/packages/package-create/
ERROR 2024-11-07 12:21:28,027 basehttp "POST /api/packages/package-create/ HTTP/1.1" 500 8784
INFO 2024-11-07 12:21:57,302 autoreload C:\Users\Metatask\Documents\backend\packages\api\views.py changed, reloading.
INFO 2024-11-07 12:21:58,966 autoreload Watching for file changes with StatReloader
INFO 2024-11-07 12:23:39,220 middlewares Endpoint: /api/packages/package-create/, Method: GET, Response Status: 401, Duration: 0.09s
WARNING 2024-11-07 12:23:39,220 log Unauthorized: /api/packages/package-create/
WARNING 2024-11-07 12:23:39,220 basehttp "GET /api/packages/package-create/ HTTP/1.1" 401 3833
INFO 2024-11-07 12:24:04,141 basehttp "GET /api/user/register HTTP/1.1" 301 0
INFO 2024-11-07 12:24:04,190 middlewares Endpoint: /api/user/register/, Method: GET, Response Status: 405, Duration: 0.05s
WARNING 2024-11-07 12:24:04,191 log Method Not Allowed: /api/user/register/
WARNING 2024-11-07 12:24:04,191 basehttp "GET /api/user/register/ HTTP/1.1" 405 8196
INFO 2024-11-07 12:24:13,438 middlewares Endpoint: /api/user/register/active-admin-register, Method: GET, Response Status: 404, Duration: 0.01s
WARNING 2024-11-07 12:24:13,438 log Not Found: /api/user/register/active-admin-register
WARNING 2024-11-07 12:24:13,446 basehttp "GET /api/user/register/active-admin-register HTTP/1.1" 404 5273
INFO 2024-11-07 12:24:28,350 basehttp "GET /api/user/register/active-super-user HTTP/1.1" 301 0
INFO 2024-11-07 12:24:28,384 middlewares Endpoint: /api/user/register/active-super-user/, Method: GET, Response Status: 405, Duration: 0.03s
WARNING 2024-11-07 12:24:28,384 log Method Not Allowed: /api/user/register/active-super-user/
WARNING 2024-11-07 12:24:28,384 basehttp "GET /api/user/register/active-super-user/ HTTP/1.1" 405 8442
INFO 2024-11-07 12:24:45,159 middlewares Endpoint: /api/user/register/active-super-user/, Method: POST, Response Status: 400, Duration: 0.07s
WARNING 2024-11-07 12:24:45,159 log Bad Request: /api/user/register/active-super-user/
WARNING 2024-11-07 12:24:45,167 basehttp "POST /api/user/register/active-super-user/ HTTP/1.1" 400 8441
INFO 2024-11-07 12:25:07,353 middlewares Endpoint: /api/user/register/active-super-user/, Method: POST, Response Status: 200, Duration: 0.44s
INFO 2024-11-07 12:25:07,361 basehttp "POST /api/user/register/active-super-user/ HTTP/1.1" 200 8444
INFO 2024-11-07 12:25:16,580 basehttp "GET /admin HTTP/1.1" 301 0
INFO 2024-11-07 12:25:16,596 middlewares Endpoint: /admin/, Method: GET, Response Status: 302, Duration: 0.01s
INFO 2024-11-07 12:25:16,596 basehttp "GET /admin/ HTTP/1.1" 302 0
INFO 2024-11-07 12:25:16,681 middlewares Endpoint: /admin/login/, Method: GET, Response Status: 200, Duration: 0.08s
INFO 2024-11-07 12:25:16,681 basehttp "GET /admin/login/?next=/admin/ HTTP/1.1" 200 2210
INFO 2024-11-07 12:25:17,945 basehttp "GET /static/admin/css/login.css HTTP/1.1" 200 939
INFO 2024-11-07 12:25:17,945 basehttp "GET /static/admin/css/base.css HTTP/1.1" 200 19513
INFO 2024-11-07 12:25:17,952 basehttp "GET /static/admin/css/nav_sidebar.css HTTP/1.1" 200 2271
INFO 2024-11-07 12:25:17,967 basehttp "GET /static/admin/css/fonts.css HTTP/1.1" 200 423
INFO 2024-11-07 12:25:18,024 basehttp "GET /static/admin/css/responsive.css HTTP/1.1" 200 18545
INFO 2024-11-07 12:25:18,032 basehttp "GET /static/admin/js/nav_sidebar.js HTTP/1.1" 200 1360
INFO 2024-11-07 12:25:18,069 basehttp "GET /static/admin/fonts/Roboto-Regular-webfont.woff HTTP/1.1" 200 85876
INFO 2024-11-07 12:25:18,069 basehttp "GET /static/admin/fonts/Roboto-Light-webfont.woff HTTP/1.1" 200 85692
INFO 2024-11-07 12:25:31,268 middlewares Endpoint: /admin/login/, Method: POST, Response Status: 302, Duration: 0.23s
INFO 2024-11-07 12:25:31,269 basehttp "POST /admin/login/?next=/admin/ HTTP/1.1" 302 0
INFO 2024-11-07 12:25:31,356 middlewares Endpoint: /admin/, Method: GET, Response Status: 200, Duration: 0.07s
INFO 2024-11-07 12:25:31,356 basehttp "GET /admin/ HTTP/1.1" 200 7463
INFO 2024-11-07 12:25:31,404 basehttp "GET /static/admin/css/dashboard.css HTTP/1.1" 200 380
INFO 2024-11-07 12:25:31,420 basehttp "GET /static/admin/img/icon-addlink.svg HTTP/1.1" 200 331
INFO 2024-11-07 12:25:31,420 basehttp "GET /static/admin/img/icon-changelink.svg HTTP/1.1" 200 380
INFO 2024-11-07 12:25:31,441 basehttp "GET /static/admin/fonts/Roboto-Bold-webfont.woff HTTP/1.1" 200 86184
INFO 2024-11-07 12:25:41,141 middlewares Endpoint: /admin/packages/packages/, Method: GET, Response Status: 200, Duration: 0.07s
INFO 2024-11-07 12:25:41,141 basehttp "GET /admin/packages/packages/ HTTP/1.1" 200 7737
INFO 2024-11-07 12:25:41,199 middlewares Endpoint: /admin/jsi18n/, Method: GET, Response Status: 200, Duration: 0.01s
INFO 2024-11-07 12:25:41,202 basehttp "GET /admin/jsi18n/ HTTP/1.1" 200 3325
INFO 2024-11-07 12:25:41,206 basehttp "GET /static/admin/css/changelists.css HTTP/1.1" 200 6874
INFO 2024-11-07 12:25:41,219 basehttp "GET /static/admin/js/jquery.init.js HTTP/1.1" 200 347
INFO 2024-11-07 12:25:41,257 basehttp "GET /static/admin/js/core.js HTTP/1.1" 200 5698
INFO 2024-11-07 12:25:41,289 basehttp "GET /static/admin/js/admin/RelatedObjectLookups.js HTTP/1.1" 200 5984
INFO 2024-11-07 12:25:41,289 basehttp "GET /static/admin/js/vendor/jquery/jquery.js HTTP/1.1" 200 287630
INFO 2024-11-07 12:25:41,321 basehttp "GET /static/admin/js/urlify.js HTTP/1.1" 200 7902
INFO 2024-11-07 12:25:41,343 basehttp "GET /static/admin/js/actions.js HTTP/1.1" 200 7867
INFO 2024-11-07 12:25:41,353 basehttp "GET /static/admin/js/prepopulate.js HTTP/1.1" 200 1531
INFO 2024-11-07 12:25:41,421 basehttp "GET /static/admin/js/vendor/xregexp/xregexp.js HTTP/1.1" 200 232381
INFO 2024-11-07 12:25:41,449 basehttp "GET /static/admin/img/tooltag-add.svg HTTP/1.1" 200 331
INFO 2024-11-07 12:25:44,532 middlewares Endpoint: /admin/packages/packages/add/, Method: GET, Response Status: 200, Duration: 0.16s
INFO 2024-11-07 12:25:44,532 basehttp "GET /admin/packages/packages/add/ HTTP/1.1" 200 14356
INFO 2024-11-07 12:25:44,590 basehttp "GET /static/admin/css/forms.css HTTP/1.1" 200 8804
INFO 2024-11-07 12:25:44,601 basehttp "GET /static/admin/js/prepopulate_init.js HTTP/1.1" 200 492
INFO 2024-11-07 12:25:44,605 middlewares Endpoint: /admin/jsi18n/, Method: GET, Response Status: 200, Duration: 0.01s
INFO 2024-11-07 12:25:44,606 basehttp "GET /admin/jsi18n/ HTTP/1.1" 200 3325
INFO 2024-11-07 12:25:44,622 basehttp "GET /static/admin/css/widgets.css HTTP/1.1" 200 11097
INFO 2024-11-07 12:25:44,632 basehttp "GET /static/admin/js/change_form.js HTTP/1.1" 200 606
INFO 2024-11-07 12:26:03,858 middlewares Endpoint: /admin/packages/packages/add/, Method: POST, Response Status: 200, Duration: 0.06s
INFO 2024-11-07 12:26:03,858 basehttp "POST /admin/packages/packages/add/ HTTP/1.1" 200 14532
INFO 2024-11-07 12:26:03,908 middlewares Endpoint: /admin/jsi18n/, Method: GET, Response Status: 200, Duration: 0.00s
INFO 2024-11-07 12:26:03,913 basehttp "GET /admin/jsi18n/ HTTP/1.1" 200 3325
INFO 2024-11-07 12:26:09,322 middlewares Endpoint: /admin/packages/packages/add/, Method: POST, Response Status: 200, Duration: 0.06s
INFO 2024-11-07 12:26:09,330 basehttp "POST /admin/packages/packages/add/ HTTP/1.1" 200 14538
INFO 2024-11-07 12:26:09,371 middlewares Endpoint: /admin/jsi18n/, Method: GET, Response Status: 200, Duration: 0.01s
INFO 2024-11-07 12:26:09,371 basehttp "GET /admin/jsi18n/ HTTP/1.1" 200 3325
ERROR 2024-11-07 12:26:18,044 log Internal Server Error: /admin/packages/packages/add/
Traceback (most recent call last):
  File "C:\Users\Metatask\.pyenv\pyenv-win\versions\3.9.13\lib\site-packages\django\core\handlers\exception.py", line 47, in inner
    response = get_response(request)
  File "C:\Users\Metatask\.pyenv\pyenv-win\versions\3.9.13\lib\site-packages\django\core\handlers\base.py", line 181, in _get_response
    response = wrapped_callback(request, *callback_args, **callback_kwargs)
  File "C:\Users\Metatask\.pyenv\pyenv-win\versions\3.9.13\lib\site-packages\django\contrib\admin\options.py", line 616, in wrapper
    return self.admin_site.admin_view(view)(*args, **kwargs)
  File "C:\Users\Metatask\.pyenv\pyenv-win\versions\3.9.13\lib\site-packages\django\utils\decorators.py", line 130, in _wrapped_view
    response = view_func(request, *args, **kwargs)
  File "C:\Users\Metatask\.pyenv\pyenv-win\versions\3.9.13\lib\site-packages\django\views\decorators\cache.py", line 44, in _wrapped_view_func
    response = view_func(request, *args, **kwargs)
  File "C:\Users\Metatask\.pyenv\pyenv-win\versions\3.9.13\lib\site-packages\django\contrib\admin\sites.py", line 232, in inner
    return view(request, *args, **kwargs)
  File "C:\Users\Metatask\.pyenv\pyenv-win\versions\3.9.13\lib\site-packages\django\contrib\admin\options.py", line 1657, in add_view
    return self.changeform_view(request, None, form_url, extra_context)
  File "C:\Users\Metatask\.pyenv\pyenv-win\versions\3.9.13\lib\site-packages\django\utils\decorators.py", line 43, in _wrapper
    return bound_method(*args, **kwargs)
  File "C:\Users\Metatask\.pyenv\pyenv-win\versions\3.9.13\lib\site-packages\django\utils\decorators.py", line 130, in _wrapped_view
    response = view_func(request, *args, **kwargs)
  File "C:\Users\Metatask\.pyenv\pyenv-win\versions\3.9.13\lib\site-packages\django\contrib\admin\options.py", line 1540, in changeform_view
    return self._changeform_view(request, object_id, form_url, extra_context)
  File "C:\Users\Metatask\.pyenv\pyenv-win\versions\3.9.13\lib\site-packages\django\contrib\admin\options.py", line 1586, in _changeform_view
    self.save_model(request, new_object, form, not add)
  File "C:\Users\Metatask\.pyenv\pyenv-win\versions\3.9.13\lib\site-packages\django\contrib\admin\options.py", line 1099, in save_model
    obj.save()
  File "C:\Users\Metatask\.pyenv\pyenv-win\versions\3.9.13\lib\site-packages\django\db\models\base.py", line 739, in save
    self.save_base(using=using, force_insert=force_insert,
  File "C:\Users\Metatask\.pyenv\pyenv-win\versions\3.9.13\lib\site-packages\django\db\models\base.py", line 776, in save_base
    updated = self._save_table(
  File "C:\Users\Metatask\.pyenv\pyenv-win\versions\3.9.13\lib\site-packages\django\db\models\base.py", line 881, in _save_table
    results = self._do_insert(cls._base_manager, using, fields, returning_fields, raw)
  File "C:\Users\Metatask\.pyenv\pyenv-win\versions\3.9.13\lib\site-packages\django\db\models\base.py", line 919, in _do_insert
    return manager._insert(
  File "C:\Users\Metatask\.pyenv\pyenv-win\versions\3.9.13\lib\site-packages\django\db\models\manager.py", line 85, in manager_method
    return getattr(self.get_queryset(), name)(*args, **kwargs)
  File "C:\Users\Metatask\.pyenv\pyenv-win\versions\3.9.13\lib\site-packages\django\db\models\query.py", line 1270, in _insert
    return query.get_compiler(using=using).execute_sql(returning_fields)
  File "C:\Users\Metatask\.pyenv\pyenv-win\versions\3.9.13\lib\site-packages\django\db\models\sql\compiler.py", line 1415, in execute_sql
    for sql, params in self.as_sql():
  File "C:\Users\Metatask\.pyenv\pyenv-win\versions\3.9.13\lib\site-packages\django\db\models\sql\compiler.py", line 1358, in as_sql
    value_rows = [
  File "C:\Users\Metatask\.pyenv\pyenv-win\versions\3.9.13\lib\site-packages\django\db\models\sql\compiler.py", line 1359, in <listcomp>
    [self.prepare_value(field, self.pre_save_val(field, obj)) for field in fields]
  File "C:\Users\Metatask\.pyenv\pyenv-win\versions\3.9.13\lib\site-packages\django\db\models\sql\compiler.py", line 1359, in <listcomp>
    [self.prepare_value(field, self.pre_save_val(field, obj)) for field in fields]
  File "C:\Users\Metatask\.pyenv\pyenv-win\versions\3.9.13\lib\site-packages\django\db\models\sql\compiler.py", line 1310, in pre_save_val
    return field.pre_save(obj, add=True)
  File "C:\Users\Metatask\.pyenv\pyenv-win\versions\3.9.13\lib\site-packages\cloudinary\models.py", line 112, in pre_save
    instance_value = uploader.upload_resource(value, **options)
  File "C:\Users\Metatask\.pyenv\pyenv-win\versions\3.9.13\lib\site-packages\cloudinary\uploader.py", line 64, in upload_resource
    result = upload_func(file, **options)
  File "C:\Users\Metatask\.pyenv\pyenv-win\versions\3.9.13\lib\site-packages\cloudinary\uploader.py", line 45, in upload
    return call_cacheable_api("upload", params, file=file, **options)
  File "C:\Users\Metatask\.pyenv\pyenv-win\versions\3.9.13\lib\site-packages\cloudinary\uploader.py", line 462, in call_cacheable_api
    result = call_api(action, params, http_headers, return_error, unsigned, file, timeout, **options)
  File "C:\Users\Metatask\.pyenv\pyenv-win\versions\3.9.13\lib\site-packages\cloudinary\uploader.py", line 527, in call_api
    raise Error(result["error"]["message"])
cloudinary.exceptions.Error: Invalid Signature d4e49f2c692f3fedb87beaee92eca7d5c6f7e843. String to sign - 'timestamp=1730978774&type=upload'.
INFO 2024-11-07 12:26:18,044 middlewares Endpoint: /admin/packages/packages/add/, Method: POST, Response Status: 500, Duration: 3.13s
ERROR 2024-11-07 12:26:18,053 basehttp "POST /admin/packages/packages/add/ HTTP/1.1" 500 208908
INFO 2024-11-07 12:29:55,357 autoreload C:\Users\Metatask\Documents\backend\metatask\settings.py changed, reloading.
INFO 2024-11-07 12:29:56,937 autoreload Watching for file changes with StatReloader
INFO 2024-11-07 12:30:02,646 middlewares Endpoint: /admin/packages/packages/add/, Method: GET, Response Status: 200, Duration: 0.27s
INFO 2024-11-07 12:30:02,661 basehttp "GET /admin/packages/packages/add/ HTTP/1.1" 200 14356
INFO 2024-11-07 12:30:02,734 middlewares Endpoint: /admin/jsi18n/, Method: GET, Response Status: 200, Duration: 0.00s
INFO 2024-11-07 12:30:02,750 basehttp "GET /admin/jsi18n/ HTTP/1.1" 200 3325
ERROR 2024-11-07 12:30:46,199 log Internal Server Error: /admin/packages/packages/add/
Traceback (most recent call last):
  File "C:\Users\Metatask\.pyenv\pyenv-win\versions\3.9.13\lib\site-packages\django\core\handlers\exception.py", line 47, in inner
    response = get_response(request)
  File "C:\Users\Metatask\.pyenv\pyenv-win\versions\3.9.13\lib\site-packages\django\core\handlers\base.py", line 181, in _get_response
    response = wrapped_callback(request, *callback_args, **callback_kwargs)
  File "C:\Users\Metatask\.pyenv\pyenv-win\versions\3.9.13\lib\site-packages\django\contrib\admin\options.py", line 616, in wrapper
    return self.admin_site.admin_view(view)(*args, **kwargs)
  File "C:\Users\Metatask\.pyenv\pyenv-win\versions\3.9.13\lib\site-packages\django\utils\decorators.py", line 130, in _wrapped_view
    response = view_func(request, *args, **kwargs)
  File "C:\Users\Metatask\.pyenv\pyenv-win\versions\3.9.13\lib\site-packages\django\views\decorators\cache.py", line 44, in _wrapped_view_func
    response = view_func(request, *args, **kwargs)
  File "C:\Users\Metatask\.pyenv\pyenv-win\versions\3.9.13\lib\site-packages\django\contrib\admin\sites.py", line 232, in inner
    return view(request, *args, **kwargs)
  File "C:\Users\Metatask\.pyenv\pyenv-win\versions\3.9.13\lib\site-packages\django\contrib\admin\options.py", line 1657, in add_view
    return self.changeform_view(request, None, form_url, extra_context)
  File "C:\Users\Metatask\.pyenv\pyenv-win\versions\3.9.13\lib\site-packages\django\utils\decorators.py", line 43, in _wrapper
    return bound_method(*args, **kwargs)
  File "C:\Users\Metatask\.pyenv\pyenv-win\versions\3.9.13\lib\site-packages\django\utils\decorators.py", line 130, in _wrapped_view
    response = view_func(request, *args, **kwargs)
  File "C:\Users\Metatask\.pyenv\pyenv-win\versions\3.9.13\lib\site-packages\django\contrib\admin\options.py", line 1540, in changeform_view
    return self._changeform_view(request, object_id, form_url, extra_context)
  File "C:\Users\Metatask\.pyenv\pyenv-win\versions\3.9.13\lib\site-packages\django\contrib\admin\options.py", line 1586, in _changeform_view
    self.save_model(request, new_object, form, not add)
  File "C:\Users\Metatask\.pyenv\pyenv-win\versions\3.9.13\lib\site-packages\django\contrib\admin\options.py", line 1099, in save_model
    obj.save()
  File "C:\Users\Metatask\.pyenv\pyenv-win\versions\3.9.13\lib\site-packages\django\db\models\base.py", line 739, in save
    self.save_base(using=using, force_insert=force_insert,
  File "C:\Users\Metatask\.pyenv\pyenv-win\versions\3.9.13\lib\site-packages\django\db\models\base.py", line 776, in save_base
    updated = self._save_table(
  File "C:\Users\Metatask\.pyenv\pyenv-win\versions\3.9.13\lib\site-packages\django\db\models\base.py", line 881, in _save_table
    results = self._do_insert(cls._base_manager, using, fields, returning_fields, raw)
  File "C:\Users\Metatask\.pyenv\pyenv-win\versions\3.9.13\lib\site-packages\django\db\models\base.py", line 919, in _do_insert
    return manager._insert(
  File "C:\Users\Metatask\.pyenv\pyenv-win\versions\3.9.13\lib\site-packages\django\db\models\manager.py", line 85, in manager_method
    return getattr(self.get_queryset(), name)(*args, **kwargs)
  File "C:\Users\Metatask\.pyenv\pyenv-win\versions\3.9.13\lib\site-packages\django\db\models\query.py", line 1270, in _insert
    return query.get_compiler(using=using).execute_sql(returning_fields)
  File "C:\Users\Metatask\.pyenv\pyenv-win\versions\3.9.13\lib\site-packages\django\db\models\sql\compiler.py", line 1415, in execute_sql
    for sql, params in self.as_sql():
  File "C:\Users\Metatask\.pyenv\pyenv-win\versions\3.9.13\lib\site-packages\django\db\models\sql\compiler.py", line 1358, in as_sql
    value_rows = [
  File "C:\Users\Metatask\.pyenv\pyenv-win\versions\3.9.13\lib\site-packages\django\db\models\sql\compiler.py", line 1359, in <listcomp>
    [self.prepare_value(field, self.pre_save_val(field, obj)) for field in fields]
  File "C:\Users\Metatask\.pyenv\pyenv-win\versions\3.9.13\lib\site-packages\django\db\models\sql\compiler.py", line 1359, in <listcomp>
    [self.prepare_value(field, self.pre_save_val(field, obj)) for field in fields]
  File "C:\Users\Metatask\.pyenv\pyenv-win\versions\3.9.13\lib\site-packages\django\db\models\sql\compiler.py", line 1310, in pre_save_val
    return field.pre_save(obj, add=True)
  File "C:\Users\Metatask\.pyenv\pyenv-win\versions\3.9.13\lib\site-packages\cloudinary\models.py", line 112, in pre_save
    instance_value = uploader.upload_resource(value, **options)
  File "C:\Users\Metatask\.pyenv\pyenv-win\versions\3.9.13\lib\site-packages\cloudinary\uploader.py", line 64, in upload_resource
    result = upload_func(file, **options)
  File "C:\Users\Metatask\.pyenv\pyenv-win\versions\3.9.13\lib\site-packages\cloudinary\uploader.py", line 45, in upload
    return call_cacheable_api("upload", params, file=file, **options)
  File "C:\Users\Metatask\.pyenv\pyenv-win\versions\3.9.13\lib\site-packages\cloudinary\uploader.py", line 462, in call_cacheable_api
    result = call_api(action, params, http_headers, return_error, unsigned, file, timeout, **options)
  File "C:\Users\Metatask\.pyenv\pyenv-win\versions\3.9.13\lib\site-packages\cloudinary\uploader.py", line 527, in call_api
    raise Error(result["error"]["message"])
cloudinary.exceptions.Error: Invalid cloud_name metatask
INFO 2024-11-07 12:30:46,199 middlewares Endpoint: /admin/packages/packages/add/, Method: POST, Response Status: 500, Duration: 25.97s
ERROR 2024-11-07 12:30:46,199 basehttp "POST /admin/packages/packages/add/ HTTP/1.1" 500 208337
INFO 2024-11-07 12:31:19,738 autoreload C:\Users\Metatask\Documents\backend\metatask\settings.py changed, reloading.
INFO 2024-11-07 12:31:20,921 autoreload Watching for file changes with StatReloader
INFO 2024-11-07 12:31:46,160 middlewares Endpoint: /admin/packages/packages/add/, Method: POST, Response Status: 302, Duration: 17.75s
INFO 2024-11-07 12:31:46,160 basehttp "POST /admin/packages/packages/add/ HTTP/1.1" 302 0
INFO 2024-11-07 12:31:46,318 middlewares Endpoint: /admin/packages/packages/1/change/, Method: GET, Response Status: 200, Duration: 0.15s
INFO 2024-11-07 12:31:46,318 basehttp "GET /admin/packages/packages/1/change/ HTTP/1.1" 200 15008
INFO 2024-11-07 12:31:46,374 middlewares Endpoint: /admin/jsi18n/, Method: GET, Response Status: 200, Duration: 0.00s
INFO 2024-11-07 12:31:46,374 basehttp "GET /admin/jsi18n/ HTTP/1.1" 200 3325
INFO 2024-11-07 12:31:46,419 basehttp "GET /static/admin/img/icon-yes.svg HTTP/1.1" 200 436
INFO 2024-11-07 12:33:12,138 middlewares Endpoint: /admin/tasks/task/, Method: GET, Response Status: 200, Duration: 0.03s
INFO 2024-11-07 12:33:12,138 basehttp "GET /admin/tasks/task/ HTTP/1.1" 200 7697
INFO 2024-11-07 12:33:12,184 middlewares Endpoint: /admin/jsi18n/, Method: GET, Response Status: 200, Duration: 0.01s
INFO 2024-11-07 12:33:12,184 basehttp "GET /admin/jsi18n/ HTTP/1.1" 200 3325
INFO 2024-11-07 12:33:14,412 middlewares Endpoint: /admin/tasks/task/add/, Method: GET, Response Status: 200, Duration: 0.06s
INFO 2024-11-07 12:33:14,412 basehttp "GET /admin/tasks/task/add/ HTTP/1.1" 200 10141
INFO 2024-11-07 12:33:14,448 middlewares Endpoint: /admin/jsi18n/, Method: GET, Response Status: 200, Duration: 0.00s
INFO 2024-11-07 12:33:14,453 basehttp "GET /admin/jsi18n/ HTTP/1.1" 200 3325
INFO 2024-11-07 12:39:19,062 middlewares Endpoint: /admin/tasks/task/add/, Method: GET, Response Status: 200, Duration: 0.02s
INFO 2024-11-07 12:39:19,062 basehttp "GET /admin/tasks/task/add/ HTTP/1.1" 200 10141
INFO 2024-11-07 12:39:19,103 middlewares Endpoint: /admin/jsi18n/, Method: GET, Response Status: 200, Duration: 0.01s
INFO 2024-11-07 12:39:19,103 basehttp "GET /admin/jsi18n/ HTTP/1.1" 200 3325
INFO 2024-11-07 13:45:10,432 middlewares Endpoint: /admin/tasks/task/, Method: GET, Response Status: 200, Duration: 0.02s
INFO 2024-11-07 13:45:10,432 basehttp "GET /admin/tasks/task/ HTTP/1.1" 200 7697
INFO 2024-11-07 13:45:10,481 middlewares Endpoint: /admin/jsi18n/, Method: GET, Response Status: 200, Duration: 0.00s
INFO 2024-11-07 13:45:10,481 basehttp "GET /admin/jsi18n/ HTTP/1.1" 200 3325
INFO 2024-11-07 13:45:18,341 middlewares Endpoint: /admin/packages/packages/, Method: GET, Response Status: 200, Duration: 0.09s
INFO 2024-11-07 13:45:18,341 basehttp "GET /admin/packages/packages/ HTTP/1.1" 200 8892
INFO 2024-11-07 13:45:18,376 middlewares Endpoint: /admin/jsi18n/, Method: GET, Response Status: 200, Duration: 0.00s
INFO 2024-11-07 13:45:18,384 basehttp "GET /admin/jsi18n/ HTTP/1.1" 200 3325
INFO 2024-11-07 13:45:24,102 middlewares Endpoint: /admin/packages/packages/, Method: POST, Response Status: 200, Duration: 0.05s
INFO 2024-11-07 13:45:24,102 basehttp "POST /admin/packages/packages/ HTTP/1.1" 200 7839
INFO 2024-11-07 13:45:24,167 basehttp "GET /static/admin/js/cancel.js HTTP/1.1" 200 884
INFO 2024-11-07 13:45:25,550 middlewares Endpoint: /admin/packages/packages/, Method: POST, Response Status: 302, Duration: 0.04s
INFO 2024-11-07 13:45:25,550 basehttp "POST /admin/packages/packages/ HTTP/1.1" 302 0
INFO 2024-11-07 13:45:25,594 middlewares Endpoint: /admin/packages/packages/, Method: GET, Response Status: 200, Duration: 0.04s
INFO 2024-11-07 13:45:25,594 basehttp "GET /admin/packages/packages/ HTTP/1.1" 200 7875
INFO 2024-11-07 13:45:25,633 middlewares Endpoint: /admin/jsi18n/, Method: GET, Response Status: 200, Duration: 0.01s
INFO 2024-11-07 13:45:25,641 basehttp "GET /admin/jsi18n/ HTTP/1.1" 200 3325
INFO 2024-11-14 10:35:25,291 autoreload Watching for file changes with StatReloader
INFO 2024-11-19 03:48:22,355 autoreload Watching for file changes with StatReloader
INFO 2024-11-19 03:48:46,466 autoreload Watching for file changes with StatReloader
INFO 2024-11-19 03:48:56,519 middlewares Endpoint: /admin/packages/packages/add/, Method: GET, Response Status: 200, Duration: 0.85s
INFO 2024-11-19 03:48:56,532 basehttp "GET /admin/packages/packages/add/ HTTP/1.1" 200 15123
INFO 2024-11-19 03:48:56,769 basehttp "GET /static/admin/css/forms.1d89ec6432f5.css HTTP/1.1" 200 2184
INFO 2024-11-19 03:48:56,781 basehttp "GET /static/admin/css/nav_sidebar.0fd434145f4d.css HTTP/1.1" 200 673
INFO 2024-11-19 03:48:57,101 basehttp "GET /static/admin/css/base.1f418065fc2c.css HTTP/1.1" 200 4649
INFO 2024-11-19 03:48:57,113 basehttp "GET /static/admin/css/responsive.b128bdf0edef.css HTTP/1.1" 200 3389
INFO 2024-11-19 03:48:57,285 basehttp "GET /static/admin/css/widgets.694d845b2cb1.css HTTP/1.1" 200 2368
INFO 2024-11-19 03:48:57,374 basehttp "GET /static/admin/js/vendor/jquery/jquery.min.dc5e7f18c8d3.js HTTP/1.1" 200 30879
INFO 2024-11-19 03:48:57,398 basehttp "GET /static/admin/js/actions.3edba334d0a4.js HTTP/1.1" 200 1874
INFO 2024-11-19 03:48:57,428 basehttp "GET /static/admin/js/admin/RelatedObjectLookups.b4d76b6aaf0b.js HTTP/1.1" 200 1571
INFO 2024-11-19 03:48:57,464 basehttp "GET /static/admin/js/jquery.init.b7781a0897fc.js HTTP/1.1" 200 236
INFO 2024-11-19 03:48:57,490 basehttp "GET /static/admin/css/fonts.168bab448fee.css HTTP/1.1" 200 189
INFO 2024-11-19 03:48:57,616 basehttp "GET /static/admin/js/urlify.25cc3eac8123.js HTTP/1.1" 200 2581
INFO 2024-11-19 03:48:57,653 basehttp "GET /static/admin/js/prepopulate.bd2361dfd64d.js HTTP/1.1" 200 536
INFO 2024-11-19 03:48:57,888 basehttp "GET /static/admin/js/core.ccd84108ec57.js HTTP/1.1" 200 1505
INFO 2024-11-19 03:48:58,005 basehttp "GET /static/admin/js/vendor/xregexp/xregexp.min.b0439563a5d3.js HTTP/1.1" 200 37609
INFO 2024-11-19 03:48:58,078 basehttp "GET /static/admin/js/prepopulate_init.e056047b7a7e.js HTTP/1.1" 200 267
INFO 2024-11-19 03:48:58,218 middlewares Endpoint: /admin/jsi18n/, Method: GET, Response Status: 200, Duration: 0.06s
INFO 2024-11-19 03:48:58,332 basehttp "GET /admin/jsi18n/ HTTP/1.1" 200 3325
INFO 2024-11-19 03:48:58,396 basehttp "GET /static/admin/js/nav_sidebar.7605597ddf52.js HTTP/1.1" 200 412
INFO 2024-11-19 03:48:58,431 basehttp "GET /static/admin/js/change_form.9d8ca4f96b75.js HTTP/1.1" 200 322
INFO 2024-11-19 03:48:58,462 basehttp "GET /static/admin/img/icon-addlink.d519b3bab011.svg HTTP/1.1" 200 206
INFO 2024-11-19 03:48:58,532 basehttp "GET /static/admin/fonts/Roboto-Regular-webfont.35b07eb2f871.woff HTTP/1.1" 200 85876
INFO 2024-11-19 03:48:58,540 basehttp "GET /static/admin/fonts/Roboto-Light-webfont.c73eb1ceba33.woff HTTP/1.1" 200 85692
INFO 2024-11-19 03:48:58,549 basehttp "GET /static/admin/fonts/Roboto-Bold-webfont.50d75e48e0a3.woff HTTP/1.1" 200 86184
INFO 2024-11-19 03:48:58,733 middlewares Endpoint: /favicon.ico, Method: GET, Response Status: 404, Duration: 0.00s
WARNING 2024-11-19 03:48:58,737 log Not Found: /favicon.ico
WARNING 2024-11-19 03:48:58,741 basehttp "GET /favicon.ico HTTP/1.1" 404 179
INFO 2024-11-19 03:50:24,102 middlewares Endpoint: /api/admin/daily-investment-update, Method: GET, Response Status: 404, Duration: 0.00s
WARNING 2024-11-19 03:50:24,147 log Not Found: /api/admin/daily-investment-update
WARNING 2024-11-19 03:50:24,165 basehttp "GET /api/admin/daily-investment-update HTTP/1.1" 404 179
INFO 2024-11-19 03:50:54,194 autoreload C:\Users\Metatask\Documents\backend\metatask\settings.py changed, reloading.
INFO 2024-11-19 03:50:57,901 autoreload Watching for file changes with StatReloader
INFO 2024-11-19 03:50:59,352 middlewares Endpoint: /api/admin/daily-investment-update, Method: GET, Response Status: 404, Duration: 0.29s
WARNING 2024-11-19 03:50:59,354 log Not Found: /api/admin/daily-investment-update
WARNING 2024-11-19 03:50:59,356 basehttp "GET /api/admin/daily-investment-update HTTP/1.1" 404 3421
INFO 2024-11-19 03:51:26,682 middlewares Endpoint: /api/admins/daily-investment-update, Method: GET, Response Status: 200, Duration: 0.10s
INFO 2024-11-19 03:51:26,684 basehttp "GET /api/admins/daily-investment-update HTTP/1.1" 200 5428
INFO 2024-11-19 03:51:30,206 basehttp "GET /static/rest_framework/css/prettify.css HTTP/1.1" 200 817
INFO 2024-11-19 03:51:30,209 basehttp "GET /static/rest_framework/css/bootstrap.min.css HTTP/1.1" 200 121457
INFO 2024-11-19 03:51:30,218 basehttp "GET /static/rest_framework/js/csrf.js HTTP/1.1" 200 1719
INFO 2024-11-19 03:51:30,220 basehttp "GET /static/rest_framework/js/bootstrap.min.js HTTP/1.1" 200 39680
INFO 2024-11-19 03:51:30,220 basehttp "GET /static/rest_framework/css/bootstrap-tweaks.css HTTP/1.1" 200 3385
INFO 2024-11-19 03:51:30,230 basehttp "GET /static/rest_framework/js/prettify-min.js HTTP/1.1" 200 13632
INFO 2024-11-19 03:51:30,233 basehttp "GET /static/rest_framework/js/default.js HTTP/1.1" 200 1268
INFO 2024-11-19 03:51:30,249 basehttp "GET /static/rest_framework/css/default.css HTTP/1.1" 200 1152
INFO 2024-11-19 03:51:30,251 basehttp "GET /static/rest_framework/js/ajax-form.js HTTP/1.1" 200 3597
INFO 2024-11-19 03:51:30,260 basehttp "GET /static/rest_framework/img/grid.png HTTP/1.1" 200 1458
INFO 2024-11-19 03:51:30,265 basehttp "GET /static/rest_framework/js/jquery-3.5.1.min.js HTTP/1.1" 200 89476
INFO 2024-11-19 03:51:45,848 middlewares Endpoint: /api/admins/daily-user-update, Method: GET, Response Status: 200, Duration: 0.02s
INFO 2024-11-19 03:51:45,849 basehttp "GET /api/admins/daily-user-update HTTP/1.1" 200 5344
INFO 2024-11-19 03:52:09,361 autoreload C:\Users\Metatask\Documents\backend\metatask\settings.py changed, reloading.
INFO 2024-11-19 03:52:12,395 autoreload Watching for file changes with StatReloader
INFO 2024-11-19 03:52:13,018 middlewares Endpoint: /api/admins/daily-user-update, Method: GET, Response Status: 200, Duration: 0.03s
INFO 2024-11-19 03:52:13,020 basehttp "GET /api/admins/daily-user-update HTTP/1.1" 200 5474
INFO 2024-11-19 03:52:13,064 basehttp "GET /static/rest_framework/css/bootstrap.min.77017a69879a.css HTTP/1.1" 200 19646
INFO 2024-11-19 03:52:13,077 basehttp "GET /static/rest_framework/css/bootstrap-tweaks.46ed116b0edd.css HTTP/1.1" 200 1268
INFO 2024-11-19 03:52:13,090 basehttp "GET /static/rest_framework/css/prettify.a987f72342ee.css HTTP/1.1" 200 390
INFO 2024-11-19 03:52:13,105 basehttp "GET /static/rest_framework/css/default.789dfb5732d7.css HTTP/1.1" 200 612
INFO 2024-11-19 03:52:13,121 basehttp "GET /static/rest_framework/js/jquery-3.5.1.min.dc5e7f18c8d3.js HTTP/1.1" 200 30879
INFO 2024-11-19 03:52:13,149 basehttp "GET /static/rest_framework/js/ajax-form.0ea6e6052ab5.js HTTP/1.1" 200 1540
INFO 2024-11-19 03:52:13,223 basehttp "GET /static/rest_framework/js/csrf.969930007329.js HTTP/1.1" 200 787
INFO 2024-11-19 03:52:13,622 basehttp "GET /static/rest_framework/js/bootstrap.min.2f34b630ffe3.js HTTP/1.1" 200 10896
INFO 2024-11-19 03:52:13,705 basehttp "GET /static/rest_framework/js/prettify-min.709bfcc456c6.js HTTP/1.1" 200 6025
INFO 2024-11-19 03:52:13,841 basehttp "GET /static/rest_framework/img/grid.a4b938cf382b.png HTTP/1.1" 200 1458
INFO 2024-11-19 03:52:14,021 basehttp "GET /static/rest_framework/js/default.5b08897dbdc3.js HTTP/1.1" 200 571
INFO 2024-11-19 03:52:35,874 middlewares Endpoint: /api/admins/daily-user-update, Method: GET, Response Status: 200, Duration: 0.01s
INFO 2024-11-19 03:52:35,877 basehttp "GET /api/admins/daily-user-update HTTP/1.1" 200 5474
INFO 2024-11-19 03:53:05,504 autoreload C:\Users\Metatask\Documents\backend\metatask\settings.py changed, reloading.
INFO 2024-11-19 03:53:08,251 autoreload Watching for file changes with StatReloader
ERROR 2024-11-19 03:53:12,537 exception Invalid HTTP_HOST header: 'localhost:8000'. You may need to add 'localhost' to ALLOWED_HOSTS.
WARNING 2024-11-19 03:53:12,586 log Bad Request: /api/admins/daily-user-update
WARNING 2024-11-19 03:53:12,602 basehttp "GET /api/admins/daily-user-update HTTP/1.1" 400 143
INFO 2024-11-19 03:53:25,934 autoreload C:\Users\Metatask\Documents\backend\metatask\settings.py changed, reloading.
INFO 2024-11-19 03:53:27,180 autoreload Watching for file changes with StatReloader
INFO 2024-11-19 03:53:51,382 middlewares Endpoint: /admin/tasks/task/add/, Method: GET, Response Status: 200, Duration: 0.09s
INFO 2024-11-19 03:53:51,384 basehttp "GET /admin/tasks/task/add/ HTTP/1.1" 200 10908
INFO 2024-11-19 03:53:51,510 middlewares Endpoint: /admin/jsi18n/, Method: GET, Response Status: 200, Duration: 0.05s
INFO 2024-11-19 03:53:51,679 basehttp "GET /admin/jsi18n/ HTTP/1.1" 200 3325
INFO 2024-11-19 03:53:58,297 middlewares Endpoint: /admin/profiles/profile/, Method: GET, Response Status: 200, Duration: 0.65s
INFO 2024-11-19 03:53:58,318 basehttp "GET /admin/profiles/profile/ HTTP/1.1" 200 9600
INFO 2024-11-19 03:53:58,507 basehttp "GET /static/admin/css/changelists.c70d77c47e69.css HTTP/1.1" 200 1566
INFO 2024-11-19 03:53:58,527 middlewares Endpoint: /admin/jsi18n/, Method: GET, Response Status: 200, Duration: 0.03s
INFO 2024-11-19 03:53:58,547 basehttp "GET /admin/jsi18n/ HTTP/1.1" 200 3325
INFO 2024-11-19 03:53:58,719 basehttp "GET /static/admin/img/tooltag-add.e59d620a9742.svg HTTP/1.1" 200 203
INFO 2024-11-19 03:54:28,991 autoreload C:\Users\Metatask\Documents\backend\metatask\settings.py changed, reloading.
INFO 2024-11-19 03:54:32,533 autoreload Watching for file changes with StatReloader
INFO 2024-11-19 03:54:58,957 autoreload C:\Users\Metatask\Documents\backend\metatask\settings.py changed, reloading.
INFO 2024-11-19 03:55:02,171 autoreload Watching for file changes with StatReloader
INFO 2024-11-19 03:55:44,776 autoreload C:\Users\Metatask\Documents\backend\metatask\settings.py changed, reloading.
INFO 2024-11-19 03:55:46,084 autoreload Watching for file changes with StatReloader
INFO 2024-11-19 03:58:06,484 autoreload C:\Users\Metatask\Documents\backend\admins\api\views.py changed, reloading.
INFO 2024-11-19 03:58:08,587 autoreload Watching for file changes with StatReloader
INFO 2024-11-19 08:17:06,825 autoreload Watching for file changes with StatReloader
ERROR 2024-11-19 08:17:25,666 exception Invalid HTTP_HOST header: 'localhost:8000'. You may need to add 'localhost' to ALLOWED_HOSTS.
WARNING 2024-11-19 08:17:25,668 log Bad Request: /admin/tasks/task/add/
WARNING 2024-11-19 08:17:25,670 basehttp "GET /admin/tasks/task/add/ HTTP/1.1" 400 143
ERROR 2024-11-19 08:17:25,743 exception Invalid HTTP_HOST header: 'localhost:8000'. You may need to add 'localhost' to ALLOWED_HOSTS.
WARNING 2024-11-19 08:17:25,746 log Bad Request: /favicon.ico
WARNING 2024-11-19 08:17:25,748 basehttp "GET /favicon.ico HTTP/1.1" 400 143
INFO 2024-11-19 08:17:57,774 autoreload C:\Users\Metatask\Documents\backend\metatask\settings.py changed, reloading.
INFO 2024-11-19 08:17:59,390 autoreload Watching for file changes with StatReloader
INFO 2024-11-19 08:18:00,375 middlewares Endpoint: /admin/tasks/task/add/, Method: GET, Response Status: 200, Duration: 0.27s
INFO 2024-11-19 08:18:00,377 basehttp "GET /admin/tasks/task/add/ HTTP/1.1" 200 10908
INFO 2024-11-19 08:18:00,431 middlewares Endpoint: /admin/jsi18n/, Method: GET, Response Status: 200, Duration: 0.01s
INFO 2024-11-19 08:18:00,438 basehttp "GET /admin/jsi18n/ HTTP/1.1" 200 3325
INFO 2024-11-19 08:18:00,557 middlewares Endpoint: /favicon.ico, Method: GET, Response Status: 404, Duration: 0.00s
WARNING 2024-11-19 08:18:00,558 log Not Found: /favicon.ico
WARNING 2024-11-19 08:18:00,560 basehttp "GET /favicon.ico HTTP/1.1" 404 179
INFO 2024-11-19 08:18:54,002 middlewares Endpoint: /admin/tasks/task/add/, Method: GET, Response Status: 200, Duration: 0.03s
INFO 2024-11-19 08:18:54,004 basehttp "GET /admin/tasks/task/add/ HTTP/1.1" 200 10908
INFO 2024-11-19 08:18:54,046 middlewares Endpoint: /admin/jsi18n/, Method: GET, Response Status: 200, Duration: 0.01s
INFO 2024-11-19 08:18:54,047 basehttp "GET /admin/jsi18n/ HTTP/1.1" 200 3325
INFO 2024-11-19 08:19:02,582 autoreload Watching for file changes with StatReloader
ERROR 2024-11-19 08:19:11,679 log Internal Server Error: /admin/tasks/task/add/
Traceback (most recent call last):
  File "C:\Users\Metatask\Documents\backend\env\lib\site-packages\django\core\handlers\exception.py", line 47, in inner
    response = get_response(request)
  File "C:\Users\Metatask\Documents\backend\env\lib\site-packages\django\core\handlers\base.py", line 204, in _get_response
    response = response.render()
  File "C:\Users\Metatask\Documents\backend\env\lib\site-packages\django\template\response.py", line 105, in render
    self.content = self.rendered_content
  File "C:\Users\Metatask\Documents\backend\env\lib\site-packages\django\template\response.py", line 83, in rendered_content
    return template.render(context, self._request)
  File "C:\Users\Metatask\Documents\backend\env\lib\site-packages\django\template\backends\django.py", line 61, in render
    return self.template.render(context)
  File "C:\Users\Metatask\Documents\backend\env\lib\site-packages\django\template\base.py", line 170, in render
    return self._render(context)
  File "C:\Users\Metatask\Documents\backend\env\lib\site-packages\django\template\base.py", line 162, in _render
    return self.nodelist.render(context)
  File "C:\Users\Metatask\Documents\backend\env\lib\site-packages\django\template\base.py", line 938, in render
    bit = node.render_annotated(context)
  File "C:\Users\Metatask\Documents\backend\env\lib\site-packages\django\template\base.py", line 905, in render_annotated
    return self.render(context)
  File "C:\Users\Metatask\Documents\backend\env\lib\site-packages\django\template\loader_tags.py", line 150, in render
    return compiled_parent._render(context)
  File "C:\Users\Metatask\Documents\backend\env\lib\site-packages\django\template\base.py", line 162, in _render
    return self.nodelist.render(context)
  File "C:\Users\Metatask\Documents\backend\env\lib\site-packages\django\template\base.py", line 938, in render
    bit = node.render_annotated(context)
  File "C:\Users\Metatask\Documents\backend\env\lib\site-packages\django\template\base.py", line 905, in render_annotated
    return self.render(context)
  File "C:\Users\Metatask\Documents\backend\env\lib\site-packages\django\template\loader_tags.py", line 150, in render
    return compiled_parent._render(context)
  File "C:\Users\Metatask\Documents\backend\env\lib\site-packages\django\template\base.py", line 162, in _render
    return self.nodelist.render(context)
  File "C:\Users\Metatask\Documents\backend\env\lib\site-packages\django\template\base.py", line 938, in render
    bit = node.render_annotated(context)
  File "C:\Users\Metatask\Documents\backend\env\lib\site-packages\django\template\base.py", line 905, in render_annotated
    return self.render(context)
  File "C:\Users\Metatask\Documents\backend\env\lib\site-packages\django\template\loader_tags.py", line 62, in render
    result = block.nodelist.render(context)
  File "C:\Users\Metatask\Documents\backend\env\lib\site-packages\django\template\base.py", line 938, in render
    bit = node.render_annotated(context)
  File "C:\Users\Metatask\Documents\backend\env\lib\site-packages\django\template\base.py", line 905, in render_annotated
    return self.render(context)
  File "C:\Users\Metatask\Documents\backend\env\lib\site-packages\django\templatetags\static.py", line 106, in render
    url = self.url(context)
  File "C:\Users\Metatask\Documents\backend\env\lib\site-packages\django\templatetags\static.py", line 103, in url
    return self.handle_simple(path)
  File "C:\Users\Metatask\Documents\backend\env\lib\site-packages\django\templatetags\static.py", line 118, in handle_simple
    return staticfiles_storage.url(path)
  File "C:\Users\Metatask\Documents\backend\env\lib\site-packages\django\contrib\staticfiles\storage.py", line 147, in url
    return self._url(self.stored_name, name, force)
  File "C:\Users\Metatask\Documents\backend\env\lib\site-packages\django\contrib\staticfiles\storage.py", line 126, in _url
    hashed_name = hashed_name_func(*args)
  File "C:\Users\Metatask\Documents\backend\env\lib\site-packages\django\contrib\staticfiles\storage.py", line 417, in stored_name
    raise ValueError("Missing staticfiles manifest entry for '%s'" % clean_name)
ValueError: Missing staticfiles manifest entry for 'admin/css/base.css'
INFO 2024-11-19 08:19:11,816 middlewares Endpoint: /admin/tasks/task/add/, Method: GET, Response Status: 500, Duration: 0.21s
ERROR 2024-11-19 08:19:11,817 basehttp "GET /admin/tasks/task/add/ HTTP/1.1" 500 145
INFO 2024-11-19 08:21:25,555 autoreload Watching for file changes with StatReloader
INFO 2024-11-19 08:21:28,079 middlewares Endpoint: /admin/tasks/task/add/, Method: GET, Response Status: 200, Duration: 0.10s
INFO 2024-11-19 08:21:28,081 basehttp "GET /admin/tasks/task/add/ HTTP/1.1" 200 10908
INFO 2024-11-19 08:21:28,127 middlewares Endpoint: /admin/jsi18n/, Method: GET, Response Status: 200, Duration: 0.01s
INFO 2024-11-19 08:21:28,128 basehttp "GET /admin/jsi18n/ HTTP/1.1" 200 3325
INFO 2024-11-19 09:31:08,771 autoreload Watching for file changes with StatReloader
INFO 2024-11-19 09:31:21,778 autoreload C:\Users\Metatask\Documents\backend\metatask\settings.py changed, reloading.
INFO 2024-11-19 09:31:23,692 autoreload Watching for file changes with StatReloader
INFO 2024-11-19 09:31:24,611 middlewares Endpoint: /admin/tasks/task/add/, Method: GET, Response Status: 200, Duration: 0.36s
INFO 2024-11-19 09:31:24,613 basehttp "GET /admin/tasks/task/add/ HTTP/1.1" 200 10705
INFO 2024-11-19 09:31:25,047 middlewares Endpoint: /admin/jsi18n/, Method: GET, Response Status: 200, Duration: 0.02s
INFO 2024-11-19 09:31:25,052 basehttp "GET /admin/jsi18n/ HTTP/1.1" 200 3325
INFO 2024-11-19 09:31:26,626 basehttp "GET /static/admin/css/nav_sidebar.css HTTP/1.1" 200 2271
INFO 2024-11-19 09:31:26,631 basehttp "GET /static/admin/css/base.css HTTP/1.1" 200 19513
INFO 2024-11-19 09:31:26,632 basehttp "GET /static/admin/css/forms.css HTTP/1.1" 200 8804
INFO 2024-11-19 09:31:26,702 basehttp "GET /static/admin/js/admin/RelatedObjectLookups.js HTTP/1.1" 200 5984
INFO 2024-11-19 09:31:26,703 basehttp "GET /static/admin/js/core.js HTTP/1.1" 200 5698
INFO 2024-11-19 09:31:26,704 basehttp "GET /static/admin/js/actions.js HTTP/1.1" 200 7867
INFO 2024-11-19 09:31:26,732 basehttp "GET /static/admin/css/fonts.css HTTP/1.1" 200 423
INFO 2024-11-19 09:31:26,742 basehttp "GET /static/admin/css/widgets.css HTTP/1.1" 200 11097
INFO 2024-11-19 09:31:26,779 basehttp "GET /static/admin/js/prepopulate.js HTTP/1.1" 200 1531
INFO 2024-11-19 09:31:26,780 basehttp "GET /static/admin/js/urlify.js HTTP/1.1" 200 7902
INFO 2024-11-19 09:31:26,798 basehttp "GET /static/admin/js/jquery.init.js HTTP/1.1" 200 347
INFO 2024-11-19 09:31:26,811 basehttp "GET /static/admin/css/responsive.css HTTP/1.1" 200 18545
INFO 2024-11-19 09:31:26,826 basehttp "GET /static/admin/js/prepopulate_init.js HTTP/1.1" 200 492
INFO 2024-11-19 09:31:26,911 basehttp "GET /static/admin/js/vendor/xregexp/xregexp.js HTTP/1.1" 200 232381
INFO 2024-11-19 09:31:26,945 basehttp "GET /static/admin/js/nav_sidebar.js HTTP/1.1" 200 1360
INFO 2024-11-19 09:31:26,960 basehttp "GET /static/admin/js/vendor/jquery/jquery.js HTTP/1.1" 200 287630
INFO 2024-11-19 09:31:26,977 basehttp "GET /static/admin/js/change_form.js HTTP/1.1" 200 606
INFO 2024-11-19 09:31:27,026 basehttp "GET /static/admin/img/icon-addlink.svg HTTP/1.1" 200 331
INFO 2024-11-19 09:31:27,088 basehttp "GET /static/admin/fonts/Roboto-Regular-webfont.woff HTTP/1.1" 200 85876
INFO 2024-11-19 09:31:27,096 basehttp "GET /static/admin/fonts/Roboto-Light-webfont.woff HTTP/1.1" 200 85692
INFO 2024-11-19 09:31:27,104 basehttp "GET /static/admin/fonts/Roboto-Bold-webfont.woff HTTP/1.1" 200 86184
INFO 2024-11-19 09:32:01,539 autoreload C:\Users\Metatask\Documents\backend\metatask\settings.py changed, reloading.
INFO 2024-11-19 09:32:03,348 autoreload Watching for file changes with StatReloader
INFO 2024-12-08 03:35:55,107 autoreload Watching for file changes with StatReloader
INFO 2024-12-08 03:36:44,502 autoreload C:\Users\Public\Documents\metatask\backend\metatask\settings.py changed, reloading.
INFO 2024-12-08 03:36:46,299 autoreload Watching for file changes with StatReloader
INFO 2024-12-08 03:37:26,730 autoreload Watching for file changes with StatReloader
INFO 2024-12-08 03:38:38,268 middlewares Endpoint: /, Method: GET, Response Status: 404, Duration: 0.10s
WARNING 2024-12-08 03:38:38,270 log Not Found: /
WARNING 2024-12-08 03:38:38,271 basehttp "GET / HTTP/1.1" 404 2291
INFO 2024-12-08 03:38:38,360 middlewares Endpoint: /favicon.ico, Method: GET, Response Status: 404, Duration: 0.02s
WARNING 2024-12-08 03:38:38,362 log Not Found: /favicon.ico
WARNING 2024-12-08 03:38:38,363 basehttp "GET /favicon.ico HTTP/1.1" 404 2342
INFO 2024-12-08 03:39:37,750 middlewares Endpoint: /api/user/register/, Method: POST, Response Status: 200, Duration: 0.84s
INFO 2024-12-08 03:39:37,750 basehttp "POST /api/user/register/ HTTP/1.1" 200 60
INFO 2024-12-08 03:40:03,032 middlewares Endpoint: /api/user/register/, Method: POST, Response Status: 200, Duration: 0.81s
INFO 2024-12-08 03:40:03,032 basehttp "POST /api/user/register/ HTTP/1.1" 200 56
INFO 2024-12-08 03:43:38,542 autoreload C:\Users\Public\Documents\metatask\backend\profiles\api\views.py changed, reloading.
INFO 2024-12-08 03:43:40,287 autoreload Watching for file changes with StatReloader
INFO 2024-12-08 03:43:43,563 middlewares Endpoint: /api/user/register/, Method: POST, Response Status: 400, Duration: 0.02s
WARNING 2024-12-08 03:43:43,563 log Bad Request: /api/user/register/
WARNING 2024-12-08 03:43:43,563 basehttp "POST /api/user/register/ HTTP/1.1" 400 48
INFO 2024-12-08 03:44:23,742 middlewares Endpoint: /api/user/register/, Method: POST, Response Status: 400, Duration: 0.00s
WARNING 2024-12-08 03:44:23,745 log Bad Request: /api/user/register/
WARNING 2024-12-08 03:44:23,747 basehttp "POST /api/user/register/ HTTP/1.1" 400 48
INFO 2024-12-08 03:46:15,147 middlewares Endpoint: /api/user/register/, Method: POST, Response Status: 200, Duration: 0.85s
INFO 2024-12-08 03:46:15,147 basehttp "POST /api/user/register/ HTTP/1.1" 200 62
INFO 2024-12-08 03:48:00,719 autoreload C:\Users\Public\Documents\metatask\backend\profiles\api\views.py changed, reloading.
INFO 2024-12-08 03:48:02,336 autoreload Watching for file changes with StatReloader
INFO 2024-12-08 03:48:09,539 middlewares Endpoint: /api/user/register/, Method: POST, Response Status: 200, Duration: 0.78s
INFO 2024-12-08 03:48:09,539 basehttp "POST /api/user/register/ HTTP/1.1" 200 70
INFO 2024-12-08 03:48:37,954 autoreload C:\Users\Public\Documents\metatask\backend\profiles\api\views.py changed, reloading.
INFO 2024-12-08 03:48:39,508 autoreload Watching for file changes with StatReloader
INFO 2024-12-08 03:49:38,111 middlewares Endpoint: /api/user/register/, Method: POST, Response Status: 400, Duration: 0.00s
WARNING 2024-12-08 03:49:38,111 log Bad Request: /api/user/register/
WARNING 2024-12-08 03:49:38,111 basehttp "POST /api/user/register/ HTTP/1.1" 400 48
INFO 2024-12-08 03:50:12,658 autoreload C:\Users\Public\Documents\metatask\backend\metatask\settings.py changed, reloading.
INFO 2024-12-08 03:50:14,020 autoreload Watching for file changes with StatReloader
INFO 2024-12-08 03:50:26,435 middlewares Endpoint: /api/user/register/, Method: POST, Response Status: 200, Duration: 0.87s
INFO 2024-12-08 03:50:26,435 basehttp "POST /api/user/register/ HTTP/1.1" 200 60
INFO 2024-12-08 03:51:01,630 basehttp "OPTIONS /api/user/login/ HTTP/1.1" 200 0
INFO 2024-12-08 03:51:02,178 middlewares Endpoint: /api/user/login/, Method: POST, Response Status: 401, Duration: 0.55s
WARNING 2024-12-08 03:51:02,180 log Unauthorized: /api/user/login/
WARNING 2024-12-08 03:51:02,182 basehttp "POST /api/user/login/ HTTP/1.1" 401 63
INFO 2024-12-08 03:51:17,629 middlewares Endpoint: /api/user/login/, Method: POST, Response Status: 200, Duration: 0.95s
INFO 2024-12-08 03:51:17,629 basehttp "POST /api/user/login/ HTTP/1.1" 200 710
INFO 2024-12-08 03:51:26,346 basehttp "OPTIONS /api/user/detail/2/ HTTP/1.1" 200 0
INFO 2024-12-08 03:51:26,363 middlewares Endpoint: /api/user/detail/2/, Method: GET, Response Status: 200, Duration: 0.01s
INFO 2024-12-08 03:51:26,378 basehttp "GET /api/user/detail/2/ HTTP/1.1" 200 1115
INFO 2024-12-08 03:51:49,093 basehttp "OPTIONS /api/user/pass-key-activate/ HTTP/1.1" 200 0
INFO 2024-12-08 03:51:49,123 middlewares Endpoint: /api/user/pass-key-activate/, Method: POST, Response Status: 200, Duration: 0.03s
INFO 2024-12-08 03:51:49,126 basehttp "POST /api/user/pass-key-activate/ HTTP/1.1" 200 763
INFO 2024-12-08 03:52:26,654 autoreload C:\Users\Public\Documents\metatask\backend\metatask\settings.py changed, reloading.
INFO 2024-12-08 03:52:28,523 autoreload Watching for file changes with StatReloader
INFO 2024-12-08 03:52:54,745 basehttp "OPTIONS /api/investments/investment-create/ HTTP/1.1" 200 0
INFO 2024-12-08 03:52:58,001 middlewares Endpoint: /api/investments/investment-create/, Method: POST, Response Status: 200, Duration: 3.26s
INFO 2024-12-08 03:52:58,001 basehttp "POST /api/investments/investment-create/ HTTP/1.1" 200 20
INFO 2024-12-08 03:52:58,043 middlewares Endpoint: /api/user/detail/2/, Method: GET, Response Status: 200, Duration: 0.02s
INFO 2024-12-08 03:52:58,043 basehttp "GET /api/user/detail/2/ HTTP/1.1" 200 1663
INFO 2024-12-08 03:53:25,950 middlewares Endpoint: /user/register, Method: GET, Response Status: 404, Duration: 0.02s
WARNING 2024-12-08 03:53:25,951 log Not Found: /user/register
WARNING 2024-12-08 03:53:25,953 basehttp "GET /user/register HTTP/1.1" 404 2348
INFO 2024-12-08 03:53:39,174 middlewares Endpoint: /api//user/register, Method: GET, Response Status: 404, Duration: 0.02s
WARNING 2024-12-08 03:53:39,176 log Not Found: /api//user/register
WARNING 2024-12-08 03:53:39,178 basehttp "GET /api//user/register HTTP/1.1" 404 3376
INFO 2024-12-08 03:53:48,771 middlewares Endpoint: /api//user/regis, Method: GET, Response Status: 404, Duration: 0.01s
WARNING 2024-12-08 03:53:48,773 log Not Found: /api//user/regis
WARNING 2024-12-08 03:53:48,776 basehttp "GET /api//user/regis HTTP/1.1" 404 3367
INFO 2024-12-08 03:53:59,057 middlewares Endpoint: /api/user/register, Method: GET, Response Status: 404, Duration: 0.01s
INFO 2024-12-08 03:53:59,060 basehttp "GET /api/user/register HTTP/1.1" 301 0
INFO 2024-12-08 03:53:59,354 middlewares Endpoint: /api/user/register/, Method: GET, Response Status: 405, Duration: 0.29s
WARNING 2024-12-08 03:53:59,355 log Method Not Allowed: /api/user/register/
WARNING 2024-12-08 03:53:59,357 basehttp "GET /api/user/register/ HTTP/1.1" 405 8163
INFO 2024-12-08 03:53:59,400 basehttp "GET /static/rest_framework/css/bootstrap-tweaks.css HTTP/1.1" 200 3426
INFO 2024-12-08 03:53:59,406 basehttp "GET /static/rest_framework/css/bootstrap.min.css HTTP/1.1" 200 121457
INFO 2024-12-08 03:53:59,419 basehttp "GET /static/rest_framework/css/prettify.css HTTP/1.1" 200 817
INFO 2024-12-08 03:53:59,426 basehttp "GET /static/rest_framework/css/default.css HTTP/1.1" 200 1152
INFO 2024-12-08 03:53:59,468 basehttp "GET /static/rest_framework/js/ajax-form.js HTTP/1.1" 200 3796
INFO 2024-12-08 03:53:59,515 basehttp "GET /static/rest_framework/js/csrf.js HTTP/1.1" 200 1793
INFO 2024-12-08 03:53:59,575 basehttp "GET /static/rest_framework/js/jquery-3.7.1.min.js HTTP/1.1" 200 87533
INFO 2024-12-08 03:53:59,613 basehttp "GET /static/rest_framework/js/bootstrap.min.js HTTP/1.1" 200 39680
INFO 2024-12-08 03:53:59,647 basehttp "GET /static/rest_framework/js/default.js HTTP/1.1" 200 1268
INFO 2024-12-08 03:53:59,674 basehttp "GET /static/rest_framework/js/load-ajax-form.js HTTP/1.1" 200 59
INFO 2024-12-08 03:53:59,695 basehttp "GET /static/rest_framework/js/prettify-min.js HTTP/1.1" 200 13632
INFO 2024-12-08 03:53:59,703 basehttp "GET /static/rest_framework/img/grid.png HTTP/1.1" 200 1458
INFO 2024-12-08 03:54:04,078 middlewares Endpoint: /api/user/register/sda, Method: GET, Response Status: 404, Duration: 0.02s
WARNING 2024-12-08 03:54:04,078 log Not Found: /api/user/register/sda
WARNING 2024-12-08 03:54:04,078 basehttp "GET /api/user/register/sda HTTP/1.1" 404 5219
INFO 2024-12-08 03:54:19,413 middlewares Endpoint: /api/user/register/active-super-user, Method: GET, Response Status: 404, Duration: 0.01s
INFO 2024-12-08 03:54:19,413 basehttp "GET /api/user/register/active-super-user HTTP/1.1" 301 0
INFO 2024-12-08 03:54:19,433 middlewares Endpoint: /api/user/register/active-super-user/, Method: GET, Response Status: 405, Duration: 0.02s
WARNING 2024-12-08 03:54:19,433 log Method Not Allowed: /api/user/register/active-super-user/
WARNING 2024-12-08 03:54:19,433 basehttp "GET /api/user/register/active-super-user/ HTTP/1.1" 405 8409
INFO 2024-12-08 03:54:57,914 middlewares Endpoint: /api/user/register/active-super-user/, Method: POST, Response Status: 200, Duration: 0.93s
INFO 2024-12-08 03:54:57,916 basehttp "POST /api/user/register/active-super-user/ HTTP/1.1" 200 8408
INFO 2024-12-08 03:55:10,493 middlewares Endpoint: /admin, Method: GET, Response Status: 404, Duration: 0.02s
INFO 2024-12-08 03:55:10,496 basehttp "GET /admin HTTP/1.1" 301 0
INFO 2024-12-08 03:55:10,801 middlewares Endpoint: /admin/, Method: GET, Response Status: 302, Duration: 0.02s
INFO 2024-12-08 03:55:10,803 basehttp "GET /admin/ HTTP/1.1" 302 0
INFO 2024-12-08 03:55:10,935 middlewares Endpoint: /admin/login/, Method: GET, Response Status: 200, Duration: 0.13s
INFO 2024-12-08 03:55:10,937 basehttp "GET /admin/login/?next=/admin/ HTTP/1.1" 200 4177
INFO 2024-12-08 03:55:10,998 basehttp "GET /static/admin/css/base.css HTTP/1.1" 200 21310
INFO 2024-12-08 03:55:11,095 basehttp "GET /static/admin/css/dark_mode.css HTTP/1.1" 200 2929
INFO 2024-12-08 03:55:11,119 basehttp "GET /static/admin/css/nav_sidebar.css HTTP/1.1" 200 2694
INFO 2024-12-08 03:55:11,128 basehttp "GET /static/admin/css/login.css HTTP/1.1" 200 958
INFO 2024-12-08 03:55:11,165 basehttp "GET /static/admin/css/responsive.css HTTP/1.1" 200 18559
INFO 2024-12-08 03:55:11,210 basehttp "GET /static/admin/js/theme.js HTTP/1.1" 200 1943
INFO 2024-12-08 03:55:11,269 basehttp "GET /static/admin/js/nav_sidebar.js HTTP/1.1" 200 3063
INFO 2024-12-08 03:55:29,059 middlewares Endpoint: /admin/login/, Method: POST, Response Status: 302, Duration: 0.61s
INFO 2024-12-08 03:55:29,078 basehttp "POST /admin/login/?next=/admin/ HTTP/1.1" 302 0
INFO 2024-12-08 03:55:29,145 middlewares Endpoint: /admin/, Method: GET, Response Status: 200, Duration: 0.07s
INFO 2024-12-08 03:55:29,145 basehttp "GET /admin/ HTTP/1.1" 200 10400
INFO 2024-12-08 03:55:29,198 basehttp "GET /static/admin/css/dashboard.css HTTP/1.1" 200 441
INFO 2024-12-08 03:55:29,223 basehttp "GET /static/admin/img/icon-changelink.svg HTTP/1.1" 200 380
INFO 2024-12-08 03:55:29,223 basehttp "GET /static/admin/img/icon-addlink.svg HTTP/1.1" 200 331
INFO 2024-12-08 03:55:51,923 middlewares Endpoint: /admin/, Method: GET, Response Status: 302, Duration: 0.00s
INFO 2024-12-08 03:55:51,923 basehttp "GET /admin/ HTTP/1.1" 302 0
INFO 2024-12-08 03:55:51,939 middlewares Endpoint: /admin/login/, Method: GET, Response Status: 200, Duration: 0.02s
INFO 2024-12-08 03:55:51,941 basehttp "GET /admin/login/?next=/admin/ HTTP/1.1" 200 4177
INFO 2024-12-08 03:55:51,981 basehttp "GET /static/admin/css/base.css HTTP/1.1" 200 21310
INFO 2024-12-08 03:55:51,990 basehttp "GET /static/admin/css/dark_mode.css HTTP/1.1" 200 2929
INFO 2024-12-08 03:55:51,998 basehttp "GET /static/admin/css/nav_sidebar.css HTTP/1.1" 200 2694
INFO 2024-12-08 03:55:52,002 basehttp "GET /static/admin/css/login.css HTTP/1.1" 200 958
INFO 2024-12-08 03:55:52,010 basehttp "GET /static/admin/css/responsive.css HTTP/1.1" 200 18559
INFO 2024-12-08 03:55:52,014 basehttp "GET /static/admin/js/theme.js HTTP/1.1" 200 1943
INFO 2024-12-08 03:55:52,020 basehttp "GET /static/admin/js/nav_sidebar.js HTTP/1.1" 200 3063
INFO 2024-12-08 03:55:59,764 basehttp "OPTIONS /api/user/detail/undefined/ HTTP/1.1" 200 0
INFO 2024-12-08 03:55:59,790 middlewares Endpoint: /api/user/detail/undefined/, Method: GET, Response Status: 404, Duration: 0.03s
WARNING 2024-12-08 03:55:59,790 log Not Found: /api/user/detail/undefined/
WARNING 2024-12-08 03:55:59,797 basehttp "GET /api/user/detail/undefined/ HTTP/1.1" 404 5234
INFO 2024-12-08 03:56:19,425 basehttp "OPTIONS /api/user/login/ HTTP/1.1" 200 0
INFO 2024-12-08 03:56:19,981 middlewares Endpoint: /api/user/login/, Method: POST, Response Status: 200, Duration: 0.55s
INFO 2024-12-08 03:56:19,981 basehttp "POST /api/user/login/ HTTP/1.1" 200 707
INFO 2024-12-08 03:56:21,594 basehttp "OPTIONS /api/admins/user-count HTTP/1.1" 200 0
INFO 2024-12-08 03:56:21,594 basehttp "OPTIONS /api/user/detail/7/ HTTP/1.1" 200 0
INFO 2024-12-08 03:56:21,631 middlewares Endpoint: /api/admins/user-count, Method: GET, Response Status: 404, Duration: 0.04s
INFO 2024-12-08 03:56:21,634 middlewares Endpoint: /api/user/detail/7/, Method: GET, Response Status: 200, Duration: 0.04s
INFO 2024-12-08 03:56:21,634 basehttp "GET /api/admins/user-count HTTP/1.1" 301 0
INFO 2024-12-08 03:56:21,634 basehttp "GET /api/user/detail/7/ HTTP/1.1" 200 1118
INFO 2024-12-08 03:56:21,634 basehttp "OPTIONS /api/admins/user-count/ HTTP/1.1" 200 0
INFO 2024-12-08 03:56:21,661 middlewares Endpoint: /api/admins/user-count/, Method: GET, Response Status: 200, Duration: 0.02s
INFO 2024-12-08 03:56:21,662 basehttp "GET /api/admins/user-count/ HTTP/1.1" 200 71
INFO 2024-12-08 03:56:21,726 basehttp "OPTIONS /api/admins/all-user?page=1 HTTP/1.1" 200 0
INFO 2024-12-08 03:56:21,747 middlewares Endpoint: /api/admins/all-user, Method: GET, Response Status: 404, Duration: 0.02s
INFO 2024-12-08 03:56:21,750 basehttp "GET /api/admins/all-user?page=1 HTTP/1.1" 301 0
INFO 2024-12-08 03:56:21,941 basehttp "OPTIONS /api/admins/all-user/?page=1 HTTP/1.1" 200 0
INFO 2024-12-08 03:56:21,957 middlewares Endpoint: /api/admins/all-user/, Method: GET, Response Status: 200, Duration: 0.02s
INFO 2024-12-08 03:56:21,957 basehttp "GET /api/admins/all-user/?page=1 HTTP/1.1" 200 651
INFO 2024-12-08 03:56:29,509 basehttp "OPTIONS /api/admins/pending-investment-user?page=1 HTTP/1.1" 200 0
INFO 2024-12-08 03:56:29,548 middlewares Endpoint: /api/admins/pending-investment-user, Method: GET, Response Status: 404, Duration: 0.02s
INFO 2024-12-08 03:56:29,618 basehttp "GET /api/admins/pending-investment-user?page=1 HTTP/1.1" 301 0
INFO 2024-12-08 03:56:29,618 basehttp "OPTIONS /api/admins/pending-investment-user/?page=1 HTTP/1.1" 200 0
INFO 2024-12-08 03:56:29,665 middlewares Endpoint: /api/admins/pending-investment-user/, Method: GET, Response Status: 200, Duration: 0.02s
INFO 2024-12-08 03:56:29,689 basehttp "GET /api/admins/pending-investment-user/?page=1 HTTP/1.1" 200 359
INFO 2024-12-08 03:58:40,209 basehttp "OPTIONS /api/admins/admin-investment-action/2/ HTTP/1.1" 200 0
INFO 2024-12-08 03:58:40,261 middlewares Endpoint: /api/admins/admin-investment-action/2/, Method: PUT, Response Status: 200, Duration: 0.05s
INFO 2024-12-08 03:58:40,263 basehttp "PUT /api/admins/admin-investment-action/2/ HTTP/1.1" 200 22
INFO 2024-12-08 03:58:40,279 middlewares Endpoint: /api/admins/user-count/, Method: GET, Response Status: 200, Duration: 0.01s
INFO 2024-12-08 03:58:40,291 basehttp "GET /api/admins/user-count/ HTTP/1.1" 200 71
INFO 2024-12-08 03:58:40,301 middlewares Endpoint: /api/admins/pending-investment-user/, Method: GET, Response Status: 200, Duration: 0.01s
INFO 2024-12-08 03:58:40,301 basehttp "GET /api/admins/pending-investment-user/?page=1 HTTP/1.1" 200 52
INFO 2024-12-08 03:58:45,231 middlewares Endpoint: /api/user/detail/2/, Method: GET, Response Status: 200, Duration: 0.02s
INFO 2024-12-08 03:58:45,233 basehttp "GET /api/user/detail/2/ HTTP/1.1" 200 1929
INFO 2024-12-08 03:59:12,973 basehttp "OPTIONS /api/packages/package-create/ HTTP/1.1" 200 0
INFO 2024-12-08 03:59:14,595 middlewares Endpoint: /api/packages/package-create/, Method: POST, Response Status: 200, Duration: 1.62s
INFO 2024-12-08 03:59:14,595 basehttp "POST /api/packages/package-create/ HTTP/1.1" 200 17
INFO 2024-12-08 03:59:14,642 middlewares Endpoint: /api/user/detail/2/, Method: GET, Response Status: 200, Duration: 0.03s
INFO 2024-12-08 03:59:14,644 basehttp "GET /api/user/detail/2/ HTTP/1.1" 200 2436
INFO 2024-12-08 03:59:26,062 basehttp "OPTIONS /api/admins/pending-user?page=1 HTTP/1.1" 200 0
INFO 2024-12-08 03:59:26,083 middlewares Endpoint: /api/admins/pending-user, Method: GET, Response Status: 404, Duration: 0.02s
INFO 2024-12-08 03:59:26,087 basehttp "GET /api/admins/pending-user?page=1 HTTP/1.1" 301 0
INFO 2024-12-08 03:59:26,090 basehttp "OPTIONS /api/admins/pending-user/?page=1 HTTP/1.1" 200 0
INFO 2024-12-08 03:59:26,095 middlewares Endpoint: /api/admins/pending-user/, Method: GET, Response Status: 200, Duration: 0.00s
INFO 2024-12-08 03:59:26,095 basehttp "GET /api/admins/pending-user/?page=1 HTTP/1.1" 200 336
INFO 2024-12-08 03:59:58,583 middlewares Endpoint: /api/investments/investment-create/, Method: POST, Response Status: 200, Duration: 3.69s
INFO 2024-12-08 03:59:58,583 basehttp "POST /api/investments/investment-create/ HTTP/1.1" 200 20
INFO 2024-12-08 03:59:58,623 middlewares Endpoint: /api/user/detail/2/, Method: GET, Response Status: 200, Duration: 0.02s
INFO 2024-12-08 03:59:58,632 basehttp "GET /api/user/detail/2/ HTTP/1.1" 200 2987
INFO 2024-12-08 04:03:06,280 middlewares Endpoint: /api/admins/pending-investment-user/, Method: GET, Response Status: 200, Duration: 0.02s
INFO 2024-12-08 04:03:06,282 basehttp "GET /api/admins/pending-investment-user/?page=1 HTTP/1.1" 200 350
INFO 2024-12-08 04:04:03,144 autoreload C:\Users\Public\Documents\metatask\backend\investment\models.py changed, reloading.
INFO 2024-12-08 04:04:04,805 autoreload Watching for file changes with StatReloader
INFO 2024-12-08 04:04:10,233 middlewares Endpoint: /api/admins/admin-investment-action/2/, Method: PUT, Response Status: 200, Duration: 0.08s
INFO 2024-12-08 04:04:10,233 basehttp "PUT /api/admins/admin-investment-action/2/ HTTP/1.1" 200 22
INFO 2024-12-08 04:04:10,255 middlewares Endpoint: /api/admins/user-count/, Method: GET, Response Status: 200, Duration: 0.02s
INFO 2024-12-08 04:04:10,255 basehttp "GET /api/admins/user-count/ HTTP/1.1" 200 71
INFO 2024-12-08 04:04:10,276 middlewares Endpoint: /api/admins/pending-investment-user/, Method: GET, Response Status: 200, Duration: 0.01s
INFO 2024-12-08 04:04:10,286 basehttp "GET /api/admins/pending-investment-user/?page=1 HTTP/1.1" 200 52
INFO 2024-12-08 04:04:14,618 middlewares Endpoint: /api/user/detail/2/, Method: GET, Response Status: 200, Duration: 0.02s
INFO 2024-12-08 04:04:14,618 basehttp "GET /api/user/detail/2/ HTTP/1.1" 200 3252
INFO 2024-12-08 04:04:31,568 middlewares Endpoint: /api/investments/investment-create/, Method: POST, Response Status: 200, Duration: 2.00s
INFO 2024-12-08 04:04:31,568 basehttp "POST /api/investments/investment-create/ HTTP/1.1" 200 20
INFO 2024-12-08 04:04:31,601 middlewares Endpoint: /api/user/detail/2/, Method: GET, Response Status: 200, Duration: 0.02s
INFO 2024-12-08 04:04:31,601 basehttp "GET /api/user/detail/2/ HTTP/1.1" 200 3799
INFO 2024-12-08 04:05:27,470 middlewares Endpoint: /admin/profiles/profile/, Method: GET, Response Status: 200, Duration: 0.28s
INFO 2024-12-08 04:05:27,473 basehttp "GET /admin/profiles/profile/ HTTP/1.1" 200 13218
INFO 2024-12-08 04:05:27,503 basehttp "GET /static/admin/css/base.css HTTP/1.1" 304 0
INFO 2024-12-08 04:05:27,548 basehttp "GET /static/admin/css/changelists.css HTTP/1.1" 200 6566
INFO 2024-12-08 04:05:27,553 middlewares Endpoint: /admin/jsi18n/, Method: GET, Response Status: 200, Duration: 0.03s
INFO 2024-12-08 04:05:27,557 basehttp "GET /static/admin/css/dark_mode.css HTTP/1.1" 304 0
INFO 2024-12-08 04:05:27,559 basehttp "GET /admin/jsi18n/ HTTP/1.1" 200 3343
INFO 2024-12-08 04:05:27,570 basehttp "GET /static/admin/css/nav_sidebar.css HTTP/1.1" 304 0
INFO 2024-12-08 04:05:27,571 basehttp "GET /static/admin/css/responsive.css HTTP/1.1" 304 0
INFO 2024-12-08 04:05:27,617 basehttp "GET /static/admin/js/jquery.init.js HTTP/1.1" 200 347
INFO 2024-12-08 04:05:27,652 basehttp "GET /static/admin/js/core.js HTTP/1.1" 200 5682
INFO 2024-12-08 04:05:27,691 basehttp "GET /static/admin/js/admin/RelatedObjectLookups.js HTTP/1.1" 200 8943
INFO 2024-12-08 04:05:27,700 basehttp "GET /static/admin/js/vendor/jquery/jquery.js HTTP/1.1" 200 292458
INFO 2024-12-08 04:05:27,741 basehttp "GET /static/admin/js/actions.js HTTP/1.1" 200 7872
INFO 2024-12-08 04:05:27,752 basehttp "GET /static/admin/js/urlify.js HTTP/1.1" 200 7887
INFO 2024-12-08 04:05:27,776 basehttp "GET /static/admin/js/prepopulate.js HTTP/1.1" 200 1531
INFO 2024-12-08 04:05:27,790 basehttp "GET /static/admin/js/theme.js HTTP/1.1" 304 0
INFO 2024-12-08 04:05:27,799 basehttp "GET /static/admin/js/nav_sidebar.js HTTP/1.1" 304 0
INFO 2024-12-08 04:05:27,831 basehttp "GET /static/admin/js/filters.js HTTP/1.1" 200 978
INFO 2024-12-08 04:05:27,926 basehttp "GET /static/admin/js/vendor/xregexp/xregexp.js HTTP/1.1" 200 232381
INFO 2024-12-08 04:05:27,953 basehttp "GET /static/admin/img/icon-addlink.svg HTTP/1.1" 304 0
INFO 2024-12-08 04:05:27,977 basehttp "GET /static/admin/img/tooltag-add.svg HTTP/1.1" 200 331
INFO 2024-12-08 04:05:31,753 middlewares Endpoint: /admin/profiles/profile/2/change/, Method: GET, Response Status: 200, Duration: 0.38s
INFO 2024-12-08 04:05:31,753 basehttp "GET /admin/profiles/profile/2/change/ HTTP/1.1" 200 48539
INFO 2024-12-08 04:05:31,794 basehttp "GET /static/admin/img/icon-changelink.svg HTTP/1.1" 304 0
INFO 2024-12-08 04:05:31,802 middlewares Endpoint: /admin/jsi18n/, Method: GET, Response Status: 200, Duration: 0.01s
INFO 2024-12-08 04:05:31,803 basehttp "GET /admin/jsi18n/ HTTP/1.1" 200 3343
INFO 2024-12-08 04:05:31,803 basehttp "GET /static/admin/css/forms.css HTTP/1.1" 200 9090
INFO 2024-12-08 04:05:31,828 basehttp "GET /static/admin/js/prepopulate_init.js HTTP/1.1" 200 586
INFO 2024-12-08 04:05:31,836 basehttp "GET /static/admin/js/admin/DateTimeShortcuts.js HTTP/1.1" 200 19319
INFO 2024-12-08 04:05:31,836 basehttp "GET /static/admin/js/calendar.js HTTP/1.1" 200 8466
INFO 2024-12-08 04:05:31,861 basehttp "GET /static/admin/css/widgets.css HTTP/1.1" 200 11921
INFO 2024-12-08 04:05:31,868 basehttp "GET /static/admin/img/icon-deletelink.svg HTTP/1.1" 200 392
INFO 2024-12-08 04:05:31,889 basehttp "GET /static/admin/img/icon-viewlink.svg HTTP/1.1" 200 581
INFO 2024-12-08 04:05:31,918 basehttp "GET /static/admin/js/change_form.js HTTP/1.1" 200 606
INFO 2024-12-08 04:05:32,001 basehttp "GET /static/admin/img/icon-calendar.svg HTTP/1.1" 200 1086
INFO 2024-12-08 04:05:32,001 basehttp "GET /static/admin/img/icon-clock.svg HTTP/1.1" 200 677
INFO 2024-12-08 04:05:46,357 middlewares Endpoint: /admin/profiles/profile/2/change/, Method: POST, Response Status: 302, Duration: 0.08s
INFO 2024-12-08 04:05:46,357 basehttp "POST /admin/profiles/profile/2/change/ HTTP/1.1" 302 0
INFO 2024-12-08 04:05:46,400 middlewares Endpoint: /admin/profiles/profile/, Method: GET, Response Status: 200, Duration: 0.04s
INFO 2024-12-08 04:05:46,402 basehttp "GET /admin/profiles/profile/ HTTP/1.1" 200 13422
INFO 2024-12-08 04:05:46,433 middlewares Endpoint: /admin/jsi18n/, Method: GET, Response Status: 200, Duration: 0.01s
INFO 2024-12-08 04:05:46,434 basehttp "GET /admin/jsi18n/ HTTP/1.1" 200 3343
INFO 2024-12-08 04:05:46,474 basehttp "GET /static/admin/img/icon-yes.svg HTTP/1.1" 200 436
INFO 2024-12-08 04:05:51,239 middlewares Endpoint: /api/user/detail/2/, Method: GET, Response Status: 200, Duration: 0.03s
INFO 2024-12-08 04:05:51,242 basehttp "GET /api/user/detail/2/ HTTP/1.1" 200 3801
INFO 2024-12-08 04:06:13,942 basehttp "OPTIONS /api/withdrawals/withdrawal-create/ HTTP/1.1" 200 0
INFO 2024-12-08 04:06:14,011 middlewares Endpoint: /api/withdrawals/withdrawal-create/, Method: POST, Response Status: 200, Duration: 0.06s
INFO 2024-12-08 04:06:14,026 basehttp "POST /api/withdrawals/withdrawal-create/ HTTP/1.1" 200 30
INFO 2024-12-08 04:06:14,046 middlewares Endpoint: /api/user/detail/2/, Method: GET, Response Status: 200, Duration: 0.01s
INFO 2024-12-08 04:06:14,046 basehttp "GET /api/user/detail/2/ HTTP/1.1" 200 4106
INFO 2024-12-08 04:06:22,674 basehttp "OPTIONS /api/admins/all-withdrawal?page=1 HTTP/1.1" 200 0
INFO 2024-12-08 04:06:22,703 middlewares Endpoint: /api/admins/all-withdrawal, Method: GET, Response Status: 404, Duration: 0.03s
INFO 2024-12-08 04:06:22,704 basehttp "GET /api/admins/all-withdrawal?page=1 HTTP/1.1" 301 0
INFO 2024-12-08 04:06:23,022 basehttp "OPTIONS /api/admins/all-withdrawal/?page=1 HTTP/1.1" 200 0
INFO 2024-12-08 04:06:23,038 middlewares Endpoint: /api/admins/all-withdrawal/, Method: GET, Response Status: 200, Duration: 0.02s
INFO 2024-12-08 04:06:23,038 basehttp "GET /api/admins/all-withdrawal/?page=1 HTTP/1.1" 200 163
INFO 2024-12-08 04:07:59,165 autoreload C:\Users\Public\Documents\metatask\backend\withdrawals\api\serializers.py changed, reloading.
INFO 2024-12-08 04:08:01,063 autoreload Watching for file changes with StatReloader
INFO 2024-12-08 04:08:05,004 middlewares Endpoint: /api/admins/user-count/, Method: GET, Response Status: 200, Duration: 0.03s
INFO 2024-12-08 04:08:05,004 middlewares Endpoint: /api/user/detail/7/, Method: GET, Response Status: 200, Duration: 0.05s
INFO 2024-12-08 04:08:05,004 basehttp "GET /api/admins/user-count/ HTTP/1.1" 200 71
INFO 2024-12-08 04:08:05,004 basehttp "GET /api/user/detail/7/ HTTP/1.1" 200 1118
INFO 2024-12-08 04:08:05,067 middlewares Endpoint: /api/admins/all-user/, Method: GET, Response Status: 200, Duration: 0.03s
INFO 2024-12-08 04:08:05,073 basehttp "GET /api/admins/all-user/?page=1 HTTP/1.1" 200 852
INFO 2024-12-08 04:08:10,807 middlewares Endpoint: /api/admins/all-withdrawal/, Method: GET, Response Status: 200, Duration: 0.02s
INFO 2024-12-08 04:08:10,808 basehttp "GET /api/admins/all-withdrawal/?page=1 HTTP/1.1" 200 193
INFO 2024-12-08 04:10:27,653 middlewares Endpoint: /api/user/detail/2/, Method: GET, Response Status: 200, Duration: 0.02s
INFO 2024-12-08 04:10:27,653 basehttp "GET /api/user/detail/2/ HTTP/1.1" 200 4106
INFO 2024-12-08 04:10:38,581 basehttp "OPTIONS /api/admins/admin-withdrawal-action/1/ HTTP/1.1" 200 0
INFO 2024-12-08 04:10:38,638 middlewares Endpoint: /api/admins/admin-withdrawal-action/1/, Method: PUT, Response Status: 200, Duration: 0.05s
INFO 2024-12-08 04:10:38,638 basehttp "PUT /api/admins/admin-withdrawal-action/1/ HTTP/1.1" 200 35
INFO 2024-12-08 04:10:38,667 middlewares Endpoint: /api/admins/all-withdrawal/, Method: GET, Response Status: 200, Duration: 0.01s
INFO 2024-12-08 04:10:38,669 basehttp "GET /api/admins/all-withdrawal/?page=1 HTTP/1.1" 200 52
INFO 2024-12-08 04:10:42,266 middlewares Endpoint: /api/user/detail/2/, Method: GET, Response Status: 200, Duration: 0.03s
INFO 2024-12-08 04:10:42,269 basehttp "GET /api/user/detail/2/ HTTP/1.1" 200 4362
INFO 2024-12-08 04:21:14,559 middlewares Endpoint: /api/withdrawals/withdrawal-create/, Method: POST, Response Status: 200, Duration: 0.05s
INFO 2024-12-08 04:21:14,559 basehttp "POST /api/withdrawals/withdrawal-create/ HTTP/1.1" 200 30
INFO 2024-12-08 04:21:14,603 middlewares Endpoint: /api/user/detail/2/, Method: GET, Response Status: 200, Duration: 0.03s
INFO 2024-12-08 04:21:14,605 basehttp "GET /api/user/detail/2/ HTTP/1.1" 200 4661
INFO 2024-12-08 04:21:32,697 middlewares Endpoint: /api/user/detail/2/, Method: GET, Response Status: 200, Duration: 0.02s
INFO 2024-12-08 04:21:32,731 basehttp "GET /api/user/detail/2/ HTTP/1.1" 200 4661
INFO 2024-12-08 04:23:03,508 middlewares Endpoint: /api/withdrawals/withdrawal-create/, Method: POST, Response Status: 200, Duration: 0.05s
INFO 2024-12-08 04:23:03,508 basehttp "POST /api/withdrawals/withdrawal-create/ HTTP/1.1" 200 30
INFO 2024-12-08 04:23:03,545 middlewares Endpoint: /api/user/detail/2/, Method: GET, Response Status: 200, Duration: 0.04s
INFO 2024-12-08 04:23:03,574 basehttp "GET /api/user/detail/2/ HTTP/1.1" 200 4960
INFO 2024-12-08 04:23:08,016 middlewares Endpoint: /api/user/detail/2/, Method: GET, Response Status: 200, Duration: 0.03s
INFO 2024-12-08 04:23:08,036 basehttp "GET /api/user/detail/2/ HTTP/1.1" 200 4960
INFO 2024-12-08 04:24:32,636 middlewares Endpoint: /api/withdrawals/withdrawal-create/, Method: POST, Response Status: 200, Duration: 0.06s
INFO 2024-12-08 04:24:32,636 basehttp "POST /api/withdrawals/withdrawal-create/ HTTP/1.1" 200 30
INFO 2024-12-08 04:24:32,673 middlewares Endpoint: /api/user/detail/2/, Method: GET, Response Status: 200, Duration: 0.04s
INFO 2024-12-08 04:24:32,675 basehttp "GET /api/user/detail/2/ HTTP/1.1" 200 5259
INFO 2024-12-08 04:27:48,334 middlewares Endpoint: /api/user/detail/2/, Method: GET, Response Status: 200, Duration: 0.04s
INFO 2024-12-08 04:27:48,340 basehttp "GET /api/user/detail/2/ HTTP/1.1" 200 5259
INFO 2024-12-08 04:30:28,170 middlewares Endpoint: /api/withdrawals/withdrawal-create/, Method: POST, Response Status: 200, Duration: 0.09s
INFO 2024-12-08 04:30:28,186 basehttp "POST /api/withdrawals/withdrawal-create/ HTTP/1.1" 200 30
INFO 2024-12-08 04:30:28,239 middlewares Endpoint: /api/user/detail/2/, Method: GET, Response Status: 200, Duration: 0.03s
INFO 2024-12-08 04:30:28,252 basehttp "GET /api/user/detail/2/ HTTP/1.1" 200 5564
INFO 2024-12-08 04:30:32,840 middlewares Endpoint: /api/user/detail/2/, Method: GET, Response Status: 200, Duration: 0.03s
INFO 2024-12-08 04:30:32,842 basehttp "GET /api/user/detail/2/ HTTP/1.1" 200 5564
INFO 2024-12-08 04:30:48,153 middlewares Endpoint: /api/admins/user-count/, Method: GET, Response Status: 200, Duration: 0.02s
INFO 2024-12-08 04:30:48,153 middlewares Endpoint: /api/user/detail/7/, Method: GET, Response Status: 200, Duration: 0.02s
INFO 2024-12-08 04:30:48,153 basehttp "GET /api/admins/user-count/ HTTP/1.1" 200 71
INFO 2024-12-08 04:30:48,153 basehttp "GET /api/user/detail/7/ HTTP/1.1" 200 1118
INFO 2024-12-08 04:30:48,208 middlewares Endpoint: /api/admins/all-user/, Method: GET, Response Status: 200, Duration: 0.02s
INFO 2024-12-08 04:30:48,210 basehttp "GET /api/admins/all-user/?page=1 HTTP/1.1" 200 852
INFO 2024-12-08 04:30:50,023 middlewares Endpoint: /api/admins/all-withdrawal/, Method: GET, Response Status: 200, Duration: 0.02s
INFO 2024-12-08 04:30:50,023 basehttp "GET /api/admins/all-withdrawal/?page=1 HTTP/1.1" 200 597
INFO 2024-12-08 04:30:54,071 basehttp "OPTIONS /api/admins/admin-withdrawal-action/2/ HTTP/1.1" 200 0
INFO 2024-12-08 04:30:54,134 middlewares Endpoint: /api/admins/admin-withdrawal-action/2/, Method: PUT, Response Status: 200, Duration: 0.06s
INFO 2024-12-08 04:30:54,136 basehttp "PUT /api/admins/admin-withdrawal-action/2/ HTTP/1.1" 200 35
INFO 2024-12-08 04:30:54,153 middlewares Endpoint: /api/admins/all-withdrawal/, Method: GET, Response Status: 200, Duration: 0.01s
INFO 2024-12-08 04:30:54,164 basehttp "GET /api/admins/all-withdrawal/?page=1 HTTP/1.1" 200 462
INFO 2024-12-08 04:30:55,135 basehttp "OPTIONS /api/admins/admin-withdrawal-action/3/ HTTP/1.1" 200 0
INFO 2024-12-08 04:30:55,204 middlewares Endpoint: /api/admins/admin-withdrawal-action/3/, Method: PUT, Response Status: 200, Duration: 0.07s
INFO 2024-12-08 04:30:55,206 basehttp "PUT /api/admins/admin-withdrawal-action/3/ HTTP/1.1" 200 35
INFO 2024-12-08 04:30:55,240 middlewares Endpoint: /api/admins/all-withdrawal/, Method: GET, Response Status: 200, Duration: 0.02s
INFO 2024-12-08 04:30:55,242 basehttp "GET /api/admins/all-withdrawal/?page=1 HTTP/1.1" 200 327
INFO 2024-12-08 04:30:55,749 basehttp "OPTIONS /api/admins/admin-withdrawal-action/4/ HTTP/1.1" 200 0
INFO 2024-12-08 04:30:55,811 middlewares Endpoint: /api/admins/admin-withdrawal-action/4/, Method: PUT, Response Status: 200, Duration: 0.06s
INFO 2024-12-08 04:30:55,811 basehttp "PUT /api/admins/admin-withdrawal-action/4/ HTTP/1.1" 200 35
INFO 2024-12-08 04:30:55,836 middlewares Endpoint: /api/admins/all-withdrawal/, Method: GET, Response Status: 200, Duration: 0.01s
INFO 2024-12-08 04:30:55,839 basehttp "GET /api/admins/all-withdrawal/?page=1 HTTP/1.1" 200 192
INFO 2024-12-08 04:30:56,342 basehttp "OPTIONS /api/admins/admin-withdrawal-action/5/ HTTP/1.1" 200 0
INFO 2024-12-08 04:30:56,404 middlewares Endpoint: /api/admins/admin-withdrawal-action/5/, Method: PUT, Response Status: 200, Duration: 0.06s
INFO 2024-12-08 04:30:56,406 basehttp "PUT /api/admins/admin-withdrawal-action/5/ HTTP/1.1" 200 35
INFO 2024-12-08 04:30:56,425 middlewares Endpoint: /api/admins/all-withdrawal/, Method: GET, Response Status: 200, Duration: 0.01s
INFO 2024-12-08 04:30:56,427 basehttp "GET /api/admins/all-withdrawal/?page=1 HTTP/1.1" 200 52
INFO 2024-12-08 04:31:01,973 middlewares Endpoint: /api/user/detail/2/, Method: GET, Response Status: 200, Duration: 0.03s
INFO 2024-12-08 04:31:02,006 basehttp "GET /api/user/detail/2/ HTTP/1.1" 200 6588
INFO 2024-12-08 04:31:50,401 autoreload C:\Users\Public\Documents\metatask\backend\withdrawals\api\serializers.py changed, reloading.
INFO 2024-12-08 04:31:52,291 autoreload Watching for file changes with StatReloader
INFO 2024-12-08 04:32:17,510 autoreload C:\Users\Public\Documents\metatask\backend\metatask\settings.py changed, reloading.
INFO 2024-12-08 04:32:19,097 autoreload Watching for file changes with StatReloader
INFO 2024-12-29 09:52:25,358 autoreload Watching for file changes with StatReloader
INFO 2024-12-29 09:52:32,552 middlewares Endpoint: /admin/tasks/task/add/, Method: GET, Response Status: 302, Duration: 0.05s
INFO 2024-12-29 09:52:32,554 basehttp "GET /admin/tasks/task/add/ HTTP/1.1" 302 0
INFO 2024-12-29 09:52:32,688 middlewares Endpoint: /admin/login/, Method: GET, Response Status: 200, Duration: 0.13s
INFO 2024-12-29 09:52:32,690 basehttp "GET /admin/login/?next=/admin/tasks/task/add/ HTTP/1.1" 200 2240
INFO 2024-12-29 09:52:32,754 basehttp "GET /static/admin/css/base.css HTTP/1.1" 304 0
INFO 2024-12-29 09:52:32,754 basehttp "GET /static/admin/css/responsive.css HTTP/1.1" 304 0
INFO 2024-12-29 09:52:32,769 basehttp "GET /static/admin/css/nav_sidebar.css HTTP/1.1" 304 0
INFO 2024-12-29 09:52:32,769 basehttp "GET /static/admin/js/nav_sidebar.js HTTP/1.1" 304 0
INFO 2024-12-29 09:52:32,778 basehttp "GET /static/admin/css/fonts.css HTTP/1.1" 304 0
INFO 2024-12-29 09:52:33,386 basehttp "GET /static/admin/css/login.css HTTP/1.1" 200 939
INFO 2024-12-29 09:52:33,438 basehttp "GET /static/admin/fonts/Roboto-Light-webfont.woff HTTP/1.1" 304 0
INFO 2024-12-29 09:52:33,438 basehttp "GET /static/admin/fonts/Roboto-Regular-webfont.woff HTTP/1.1" 304 0
INFO 2024-12-29 09:52:33,764 middlewares Endpoint: /favicon.ico, Method: GET, Response Status: 404, Duration: 0.27s
WARNING 2024-12-29 09:52:33,766 log Not Found: /favicon.ico
WARNING 2024-12-29 09:52:33,767 basehttp "GET /favicon.ico HTTP/1.1" 404 2342
INFO 2024-12-29 09:52:36,782 middlewares Endpoint: /admin/login/, Method: POST, Response Status: 302, Duration: 0.28s
INFO 2024-12-29 09:52:36,802 basehttp "POST /admin/login/?next=/admin/tasks/task/add/ HTTP/1.1" 302 0
INFO 2024-12-29 09:52:36,979 middlewares Endpoint: /admin/tasks/task/add/, Method: GET, Response Status: 200, Duration: 0.17s
INFO 2024-12-29 09:52:36,981 basehttp "GET /admin/tasks/task/add/ HTTP/1.1" 200 10705
INFO 2024-12-29 09:52:37,034 basehttp "GET /static/admin/js/jquery.init.js HTTP/1.1" 304 0
INFO 2024-12-29 09:52:37,034 basehttp "GET /static/admin/css/forms.css HTTP/1.1" 304 0
INFO 2024-12-29 09:52:37,035 basehttp "GET /static/admin/js/vendor/jquery/jquery.js HTTP/1.1" 304 0
INFO 2024-12-29 09:52:37,036 basehttp "GET /static/admin/js/core.js HTTP/1.1" 304 0
INFO 2024-12-29 09:52:37,044 middlewares Endpoint: /admin/jsi18n/, Method: GET, Response Status: 200, Duration: 0.02s
INFO 2024-12-29 09:52:37,048 basehttp "GET /static/admin/js/actions.js HTTP/1.1" 304 0
INFO 2024-12-29 09:52:37,055 basehttp "GET /static/admin/js/vendor/xregexp/xregexp.js HTTP/1.1" 304 0
INFO 2024-12-29 09:52:37,058 basehttp "GET /static/admin/js/urlify.js HTTP/1.1" 304 0
INFO 2024-12-29 09:52:37,059 basehttp "GET /static/admin/js/admin/RelatedObjectLookups.js HTTP/1.1" 304 0
INFO 2024-12-29 09:52:37,060 basehttp "GET /admin/jsi18n/ HTTP/1.1" 200 3325
INFO 2024-12-29 09:52:37,062 basehttp "GET /static/admin/css/widgets.css HTTP/1.1" 304 0
INFO 2024-12-29 09:52:37,072 basehttp "GET /static/admin/js/prepopulate.js HTTP/1.1" 304 0
INFO 2024-12-29 09:52:37,072 basehttp "GET /static/admin/js/prepopulate_init.js HTTP/1.1" 304 0
INFO 2024-12-29 09:52:37,107 basehttp "GET /static/admin/js/change_form.js HTTP/1.1" 304 0
INFO 2024-12-29 09:52:37,124 basehttp "GET /static/admin/img/icon-addlink.svg HTTP/1.1" 304 0
INFO 2024-12-29 09:52:37,153 basehttp "GET /static/admin/fonts/Roboto-Bold-webfont.woff HTTP/1.1" 304 0
INFO 2024-12-29 09:52:42,544 middlewares Endpoint: /admin/packages/packages/, Method: GET, Response Status: 200, Duration: 0.13s
INFO 2024-12-29 09:52:42,560 basehttp "GET /admin/packages/packages/ HTTP/1.1" 200 9456
INFO 2024-12-29 09:52:42,603 middlewares Endpoint: /admin/jsi18n/, Method: GET, Response Status: 200, Duration: 0.01s
INFO 2024-12-29 09:52:42,605 basehttp "GET /admin/jsi18n/ HTTP/1.1" 200 3325
INFO 2024-12-29 09:52:42,614 basehttp "GET /static/admin/css/changelists.css HTTP/1.1" 200 6874
INFO 2024-12-29 09:52:42,663 basehttp "GET /static/admin/img/tooltag-add.svg HTTP/1.1" 200 331
INFO 2024-12-29 09:52:43,860 middlewares Endpoint: /admin/packages/packages/2/change/, Method: GET, Response Status: 200, Duration: 0.21s
INFO 2024-12-29 09:52:43,860 basehttp "GET /admin/packages/packages/2/change/ HTTP/1.1" 200 15311
INFO 2024-12-29 09:52:43,919 middlewares Endpoint: /admin/jsi18n/, Method: GET, Response Status: 200, Duration: 0.01s
INFO 2024-12-29 09:52:43,921 basehttp "GET /admin/jsi18n/ HTTP/1.1" 200 3325
INFO 2024-12-29 09:52:51,685 middlewares Endpoint: /admin/packages/packages/2/change/, Method: GET, Response Status: 200, Duration: 0.08s
INFO 2024-12-29 09:52:51,685 basehttp "GET /admin/packages/packages/2/change/ HTTP/1.1" 200 15311
INFO 2024-12-29 09:52:51,735 middlewares Endpoint: /admin/jsi18n/, Method: GET, Response Status: 200, Duration: 0.01s
INFO 2024-12-29 09:52:51,737 basehttp "GET /admin/jsi18n/ HTTP/1.1" 200 3325
INFO 2024-12-29 09:53:19,632 autoreload Watching for file changes with StatReloader
INFO 2024-12-29 09:53:56,298 autoreload C:\Users\Metatask\Documents\backend\packages\models.py changed, reloading.
INFO 2024-12-29 09:53:57,917 autoreload Watching for file changes with StatReloader
INFO 2024-12-29 09:54:13,638 autoreload Watching for file changes with StatReloader
INFO 2024-12-29 09:54:16,273 middlewares Endpoint: /admin/packages/packages/2/change/, Method: GET, Response Status: 200, Duration: 0.17s
INFO 2024-12-29 09:54:16,276 basehttp "GET /admin/packages/packages/2/change/ HTTP/1.1" 200 15853
INFO 2024-12-29 09:54:16,327 middlewares Endpoint: /admin/jsi18n/, Method: GET, Response Status: 200, Duration: 0.01s
INFO 2024-12-29 09:54:16,329 basehttp "GET /admin/jsi18n/ HTTP/1.1" 200 3325
